#
# A fatal error has been detected by the Java Runtime Environment:
#
#  EXCEPTION_ACCESS_VIOLATION (0xc0000005) at pc=0x0000000010014ed4, pid=4988, tid=19532
#
# JRE version: Java(TM) SE Runtime Environment 18.9 (11.0.8+10) (build 11.0.8+10-LTS)
# Java VM: Java HotSpot(TM) 64-Bit Server VM 18.9 (11.0.8+10-LTS, mixed mode, tiered, compressed oops, g1 gc, windows-amd64)
# Problematic frame:
# C  0x0000000010014ed4
#
# No core dump will be written. Minidumps are not enabled by default on client versions of Windows
#
# If you would like to submit a bug report, please visit:
#   https://bugreport.java.com/bugreport/crash.jsp
# The crash happened outside the Java Virtual Machine in native code.
# See problematic frame for where to report the bug.
#

---------------  S U M M A R Y ------------

Command Line: -XX:TieredStopAtLevel=1 -Xverify:none -Dspring.output.ansi.enabled=always -Dcom.sun.management.jmxremote -Dspring.jmx.enabled=true -Dspring.liveBeansView.mbeanDomain -Dspring.application.admin.enabled=true -javaagent:C:\Program Files\JetBrains\IntelliJ IDEA 2020.2.3\lib\idea_rt.jar=5420:C:\Program Files\JetBrains\IntelliJ IDEA 2020.2.3\bin -Dfile.encoding=UTF-8 cn.novisfff.raspberry.RaspberryApplication

Host: Intel(R) Core(TM) i7-6700HQ CPU @ 2.60GHz, 8 cores, 15G,  Windows 10 , 64 bit Build 18362 (10.0.18362.1110)
Time: Thu Dec 10 15:48:50 2020 ?D1¨²¡À¨º¡Á?¨º¡À?? elapsed time: 4 seconds (0d 0h 0m 4s)

---------------  T H R E A D  ---------------

Current thread (0x00000282d30be000):  JavaThread "scheduling-1" [_thread_in_native, id=19532, stack(0x000000aa5c220000,0x000000aa5c320000)]

Stack: [0x000000aa5c220000,0x000000aa5c320000],  sp=0x000000aa5c31df20,  free space=1015k
Native frames: (J=compiled Java code, j=interpreted, Vv=VM code, C=native code)
C  0x0000000010014ed4

Java frames: (J=compiled Java code, j=interpreted, Vv=VM code)
j  org.hyperic.sigar.Sigar.getCpuListNative()[Lorg/hyperic/sigar/Cpu;+0
j  org.hyperic.sigar.Sigar.getCpuList()[Lorg/hyperic/sigar/Cpu;+1
j  org.hyperic.sigar.Sigar.getCpuPercList()[Lorg/hyperic/sigar/CpuPerc;+8
j  cn.novisfff.raspberry.service.SysInfoUtilService.getCPUUsed()[D+5
j  cn.novisfff.raspberry.views.SysInfoView.sysInfoUpdateTask()V+4
v  ~StubRoutines::call_stub
J 2274  jdk.internal.reflect.NativeMethodAccessorImpl.invoke0(Ljava/lang/reflect/Method;Ljava/lang/Object;[Ljava/lang/Object;)Ljava/lang/Object; java.base@11.0.8 (0 bytes) @ 0x00000282ae1ec74f [0x00000282ae1ec6c0+0x000000000000008f]
J 2273 c1 jdk.internal.reflect.NativeMethodAccessorImpl.invoke(Ljava/lang/Object;[Ljava/lang/Object;)Ljava/lang/Object; java.base@11.0.8 (104 bytes) @ 0x00000282ae21bae4 [0x00000282ae21b720+0x00000000000003c4]
J 2265 c1 jdk.internal.reflect.DelegatingMethodAccessorImpl.invoke(Ljava/lang/Object;[Ljava/lang/Object;)Ljava/lang/Object; java.base@11.0.8 (10 bytes) @ 0x00000282ae1ec384 [0x00000282ae1ec340+0x0000000000000044]
J 2255 c1 java.lang.reflect.Method.invoke(Ljava/lang/Object;[Ljava/lang/Object;)Ljava/lang/Object; java.base@11.0.8 (65 bytes) @ 0x00000282ae1e69ec [0x00000282ae1e68e0+0x000000000000010c]
j  org.springframework.scheduling.support.ScheduledMethodRunnable.run()V+19
j  org.springframework.scheduling.support.DelegatingErrorHandlingRunnable.run()V+4
j  java.util.concurrent.Executors$RunnableAdapter.call()Ljava/lang/Object;+4 java.base@11.0.8
j  java.util.concurrent.FutureTask.runAndReset()Z+44 java.base@11.0.8
j  java.util.concurrent.ScheduledThreadPoolExecutor$ScheduledFutureTask.run()V+35 java.base@11.0.8
j  java.util.concurrent.ThreadPoolExecutor.runWorker(Ljava/util/concurrent/ThreadPoolExecutor$Worker;)V+92 java.base@11.0.8
j  java.util.concurrent.ThreadPoolExecutor$Worker.run()V+5 java.base@11.0.8
j  java.lang.Thread.run()V+11 java.base@11.0.8
v  ~StubRoutines::call_stub

siginfo: EXCEPTION_ACCESS_VIOLATION (0xc0000005), reading address 0xffffffffd4460d88


Register to memory mapping:

RIP=0x0000000010014ed4 points into unknown readable memory: 83 b8 38 01
RAX=0xffffffffd4460c50 is an unknown value
RBX={method} {0x00000282d41c86f8} 'getCpuListNative' '()[Lorg/hyperic/sigar/Cpu;' in 'org/hyperic/sigar/Sigar'
RCX=0x00000282d30be340 points into unknown readable memory: 00 2d d2 8b ff 7f 00 00
RDX=0x000000aa5c31e0b0 is pointing into the stack for thread: 0x00000282d30be000
RSP=0x000000aa5c31df20 is pointing into the stack for thread: 0x00000282d30be000
RBP=0x000000aa5c31e090 is pointing into the stack for thread: 0x00000282d30be000
RSI=0x000000aa5c31e740 is pointing into the stack for thread: 0x00000282d30be000
RDI=0x0000000000000001 is an unknown value
R8 =0x0000000000000032 is an unknown value
R9 =0x0000000710d702a0 is an oop: org.hyperic.sigar.Sigar 
{0x0000000710d702a0} - klass: 'org/hyperic/sigar/Sigar'
R10=0x0000000000000164 is an unknown value
R11=0x00007fff8bd9e76c jvm.dll
R12=0x0 is NULL
R13=0x00000282d41c86e8 is pointing into metadata
R14=0x000000aa5c31e0b0 is pointing into the stack for thread: 0x00000282d30be000
R15=0x00000282d30be000 is a thread


Registers:
RAX=0xffffffffd4460c50, RBX=0x00000282d41c86f0, RCX=0x00000282d30be340, RDX=0x000000aa5c31e0b0
RSP=0x000000aa5c31df20, RBP=0x000000aa5c31e090, RSI=0x000000aa5c31e740, RDI=0x0000000000000001
R8 =0x0000000000000032, R9 =0x0000000710d702a0, R10=0x0000000000000164, R11=0x00007fff8bd9e76c
R12=0x0000000000000000, R13=0x00000282d41c86e8, R14=0x000000aa5c31e0b0, R15=0x00000282d30be000
RIP=0x0000000010014ed4, EFLAGS=0x0000000000010286

Top of Stack: (sp=0x000000aa5c31df20)
0x000000aa5c31df20:   00000282d30be340 000000aa5c31e0b0
0x000000aa5c31df30:   000000aa5c31e740 00000282d30be000
0x000000aa5c31df40:   ffffffffd4460c50 000000aa5c31e090
0x000000aa5c31df50:   00000282d41c86f0 0000000010022718
0x000000aa5c31df60:   00000282d30be340 000000aa5c31e0b0
0x000000aa5c31df70:   0000000702165800 000000aa5c31e0b0
0x000000aa5c31df80:   00000282d41c86e8 00000282d30be000
0x000000aa5c31df90:   000000aa5c31e570 00007fff8b6d06f3
0x000000aa5c31dfa0:   00000282cef11a50 00000282d30be000
0x000000aa5c31dfb0:   000000aa5c31e740 000000aa5c31e740
0x000000aa5c31dfc0:   00000282d41c86f0 00000282d30be000
0x000000aa5c31dfd0:   0000000000000001 000000aa5c31e740
0x000000aa5c31dfe0:   00000282d41c86f0 00000282ad75ef00
0x000000aa5c31dff0:   00000282d30be000 00000282d41c86f0
0x000000aa5c31e000:   00000282d30be000 0000000000000000
0x000000aa5c31e010:   0000000000000001 00000282ad75f0b7 

Instructions: (pc=0x0000000010014ed4)
0x0000000010014eb4:   7c 24 20 00 75 15 48 8d 15 df 58 04 00 48 8b 4c
0x0000000010014ec4:   24 40 e8 45 00 00 00 33 c0 eb 32 48 8b 44 24 20
0x0000000010014ed4:   83 b8 38 01 00 00 00 74 1f 48 8b 44 24 20 44 8b
0x0000000010014ee4:   80 38 01 00 00 48 8b 54 24 20 48 8b 4c 24 40 e8 


Stack slot to memory mapping:
stack at sp + 0 slots: 0x00000282d30be340 points into unknown readable memory: 00 2d d2 8b ff 7f 00 00
stack at sp + 1 slots: 0x000000aa5c31e0b0 is pointing into the stack for thread: 0x00000282d30be000
stack at sp + 2 slots: 0x000000aa5c31e740 is pointing into the stack for thread: 0x00000282d30be000
stack at sp + 3 slots: 0x00000282d30be000 is a thread
stack at sp + 4 slots: 0xffffffffd4460c50 is an unknown value
stack at sp + 5 slots: 0x000000aa5c31e090 is pointing into the stack for thread: 0x00000282d30be000
stack at sp + 6 slots: {method} {0x00000282d41c86f8} 'getCpuListNative' '()[Lorg/hyperic/sigar/Cpu;' in 'org/hyperic/sigar/Sigar'
stack at sp + 7 slots: 0x0000000010022718 points into unknown readable memory: 48 89 44 24 48 48 83 7c


---------------  P R O C E S S  ---------------

Threads class SMR info:
_java_thread_list=0x00000282d31cab20, length=35, elements={
0x00000282a5356000, 0x00000282c8d20000, 0x00000282c95da000, 0x00000282c9637000,
0x00000282c9638000, 0x00000282c963a000, 0x00000282c966d000, 0x00000282c8cd9000,
0x00000282c9928000, 0x00000282c9a7c000, 0x00000282c9c75000, 0x00000282c9cce800,
0x00000282c9e05000, 0x00000282c9e60000, 0x00000282c9f3e800, 0x00000282cf199800,
0x00000282cf397000, 0x00000282cf461800, 0x00000282d30bd000, 0x00000282d30ba800,
0x00000282d30b7800, 0x00000282d30be000, 0x00000282d30bb800, 0x00000282d30b8000,
0x00000282d30b9000, 0x00000282d30bc000, 0x00000282d30b9800, 0x00000282d33e9000,
0x00000282d33ea800, 0x00000282d33eb800, 0x00000282d33ea000, 0x00000282d33ec000,
0x00000282d33ed000, 0x00000282d33e8000, 0x00000282d33e7800
}

Java Threads: ( => current thread )
  0x00000282a5356000 JavaThread "main" [_thread_blocked, id=9372, stack(0x000000aa59b00000,0x000000aa59c00000)]
  0x00000282c8d20000 JavaThread "Reference Handler" daemon [_thread_blocked, id=17708, stack(0x000000aa5a200000,0x000000aa5a300000)]
  0x00000282c95da000 JavaThread "Finalizer" daemon [_thread_blocked, id=13144, stack(0x000000aa5a300000,0x000000aa5a400000)]
  0x00000282c9637000 JavaThread "Signal Dispatcher" daemon [_thread_blocked, id=21692, stack(0x000000aa5a400000,0x000000aa5a500000)]
  0x00000282c9638000 JavaThread "Attach Listener" daemon [_thread_blocked, id=8336, stack(0x000000aa5a500000,0x000000aa5a600000)]
  0x00000282c963a000 JavaThread "C1 CompilerThread0" daemon [_thread_blocked, id=5008, stack(0x000000aa5a600000,0x000000aa5a700000)]
  0x00000282c966d000 JavaThread "Sweeper thread" daemon [_thread_blocked, id=12472, stack(0x000000aa5a700000,0x000000aa5a800000)]
  0x00000282c8cd9000 JavaThread "Common-Cleaner" daemon [_thread_blocked, id=17984, stack(0x000000aa5a800000,0x000000aa5a900000)]
  0x00000282c9928000 JavaThread "Monitor Ctrl-Break" daemon [_thread_in_native, id=15988, stack(0x000000aa5a900000,0x000000aa5aa00000)]
  0x00000282c9a7c000 JavaThread "Service Thread" daemon [_thread_blocked, id=9592, stack(0x000000aa5aa00000,0x000000aa5ab00000)]
  0x00000282c9c75000 JavaThread "RMI TCP Accept-0" daemon [_thread_in_native, id=6820, stack(0x000000aa5ab00000,0x000000aa5ac00000)]
  0x00000282c9cce800 JavaThread "JavaFX-Launcher" [_thread_blocked, id=22688, stack(0x000000aa5ad00000,0x000000aa5ae00000)]
  0x00000282c9e05000 JavaThread "QuantumRenderer-0" daemon [_thread_blocked, id=5412, stack(0x000000aa5ae00000,0x000000aa5af00000)]
  0x00000282c9e60000 JavaThread "InvokeLaterDispatcher" daemon [_thread_blocked, id=19620, stack(0x000000aa5b000000,0x000000aa5b100000)]
  0x00000282c9f3e800 JavaThread "JavaFX Application Thread" [_thread_in_native, id=23228, stack(0x000000aa5b100000,0x000000aa5b200000)]
  0x00000282cf199800 JavaThread "Thread-2" daemon [_thread_in_native, id=7712, stack(0x000000aa5b320000,0x000000aa5b420000)]
  0x00000282cf397000 JavaThread "RMI TCP Connection(1)-10.70.147.125" daemon [_thread_in_native, id=21912, stack(0x000000aa5bb20000,0x000000aa5bc20000)]
  0x00000282cf461800 JavaThread "RMI Scheduler(0)" daemon [_thread_blocked, id=23404, stack(0x000000aa5bc20000,0x000000aa5bd20000)]
  0x00000282d30bd000 JavaThread "Catalina-utility-1" [_thread_blocked, id=13420, stack(0x000000aa5ba20000,0x000000aa5bb20000)]
  0x00000282d30ba800 JavaThread "Catalina-utility-2" [_thread_blocked, id=11100, stack(0x000000aa5bd20000,0x000000aa5be20000)]
  0x00000282d30b7800 JavaThread "container-0" [_thread_blocked, id=23548, stack(0x000000aa5c120000,0x000000aa5c220000)]
=>0x00000282d30be000 JavaThread "scheduling-1" [_thread_in_native, id=19532, stack(0x000000aa5c220000,0x000000aa5c320000)]
  0x00000282d30bb800 JavaThread "http-nio-8080-BlockPoller" daemon [_thread_in_native, id=21660, stack(0x000000aa5c320000,0x000000aa5c420000)]
  0x00000282d30b8000 JavaThread "http-nio-8080-exec-1" daemon [_thread_blocked, id=20456, stack(0x000000aa5c420000,0x000000aa5c520000)]
  0x00000282d30b9000 JavaThread "http-nio-8080-exec-2" daemon [_thread_blocked, id=9484, stack(0x000000aa5c520000,0x000000aa5c620000)]
  0x00000282d30bc000 JavaThread "http-nio-8080-exec-3" daemon [_thread_blocked, id=16320, stack(0x000000aa5c620000,0x000000aa5c720000)]
  0x00000282d30b9800 JavaThread "http-nio-8080-exec-4" daemon [_thread_blocked, id=18888, stack(0x000000aa5c720000,0x000000aa5c820000)]
  0x00000282d33e9000 JavaThread "http-nio-8080-exec-5" daemon [_thread_blocked, id=10304, stack(0x000000aa5c820000,0x000000aa5c920000)]
  0x00000282d33ea800 JavaThread "http-nio-8080-exec-6" daemon [_thread_blocked, id=3732, stack(0x000000aa5c920000,0x000000aa5ca20000)]
  0x00000282d33eb800 JavaThread "http-nio-8080-exec-7" daemon [_thread_blocked, id=8244, stack(0x000000aa5ca20000,0x000000aa5cb20000)]
  0x00000282d33ea000 JavaThread "http-nio-8080-exec-8" daemon [_thread_blocked, id=10144, stack(0x000000aa5cb20000,0x000000aa5cc20000)]
  0x00000282d33ec000 JavaThread "http-nio-8080-exec-9" daemon [_thread_blocked, id=11492, stack(0x000000aa5cc20000,0x000000aa5cd20000)]
  0x00000282d33ed000 JavaThread "http-nio-8080-exec-10" daemon [_thread_blocked, id=9680, stack(0x000000aa5cd20000,0x000000aa5ce20000)]
  0x00000282d33e8000 JavaThread "http-nio-8080-ClientPoller" daemon [_thread_in_native, id=20384, stack(0x000000aa5ce20000,0x000000aa5cf20000)]
  0x00000282d33e7800 JavaThread "http-nio-8080-Acceptor" daemon [_thread_in_native, id=23408, stack(0x000000aa5cf20000,0x000000aa5d020000)]

Other Threads:
  0x00000282c8d1c800 VMThread "VM Thread" [stack: 0x000000aa5a100000,0x000000aa5a200000] [id=20616]
  0x00000282c9bb8800 WatcherThread [stack: 0x000000aa5ac00000,0x000000aa5ad00000] [id=16976]
  0x00000282a536d000 GCTaskThread "GC Thread#0" [stack: 0x000000aa59c00000,0x000000aa59d00000] [id=17864]
  0x00000282cf24f000 GCTaskThread "GC Thread#1" [stack: 0x000000aa5b420000,0x000000aa5b520000] [id=23544]
  0x00000282cf250000 GCTaskThread "GC Thread#2" [stack: 0x000000aa5b520000,0x000000aa5b620000] [id=21476]
  0x00000282cf26e800 GCTaskThread "GC Thread#3" [stack: 0x000000aa5b620000,0x000000aa5b720000] [id=21340]
  0x00000282cf26f800 GCTaskThread "GC Thread#4" [stack: 0x000000aa5b720000,0x000000aa5b820000] [id=23304]
  0x00000282cf270800 GCTaskThread "GC Thread#5" [stack: 0x000000aa5b820000,0x000000aa5b920000] [id=14504]
  0x00000282cf49e800 GCTaskThread "GC Thread#6" [stack: 0x000000aa5be20000,0x000000aa5bf20000] [id=3168]
  0x00000282cf49f800 GCTaskThread "GC Thread#7" [stack: 0x000000aa5bf20000,0x000000aa5c020000] [id=20880]
  0x00000282a53cc000 ConcurrentGCThread "G1 Main Marker" [stack: 0x000000aa59d00000,0x000000aa59e00000] [id=14876]
  0x00000282a53ce800 ConcurrentGCThread "G1 Conc#0" [stack: 0x000000aa59e00000,0x000000aa59f00000] [id=23516]
  0x00000282cf4c9000 ConcurrentGCThread "G1 Conc#1" [stack: 0x000000aa5c020000,0x000000aa5c120000] [id=1672]
  0x00000282c8c08000 ConcurrentGCThread "G1 Refine#0" [stack: 0x000000aa59f00000,0x000000aa5a000000] [id=22636]
  0x00000282c8c09000 ConcurrentGCThread "G1 Young RemSet Sampling" [stack: 0x000000aa5a000000,0x000000aa5a100000] [id=15796]

Threads with active compile tasks:

VM state:not at safepoint (normal execution)

VM Mutex/Monitor currently owned by a thread: None

Heap address: 0x0000000701e00000, size: 4066 MB, Compressed Oops mode: Zero based, Oop shift amount: 3
Narrow klass base: 0x0000000800000000, Narrow klass shift: 0
Compressed class space size: 1073741824 Address: 0x0000000800000000

Heap:
 garbage-first heap   total 262144K, used 98288K [0x0000000701e00000, 0x0000000800000000)
  region size 1024K, 89 young (91136K), 8 survivors (8192K)
 Metaspace       used 44410K, capacity 45836K, committed 46160K, reserved 1089536K
  class space    used 5603K, capacity 6209K, committed 6304K, reserved 1048576K
Heap Regions: E=young(eden), S=young(survivor), O=old, HS=humongous(starts), HC=humongous(continues), CS=collection set, F=free, A=archive, TAMS=top-at-mark-start (previous, next)
|   0|0x0000000701e00000, 0x0000000701f00000, 0x0000000701f00000|100%| O|  |TAMS 0x0000000701f00000, 0x0000000701e00000| Untracked 
|   1|0x0000000701f00000, 0x0000000702000000, 0x0000000702000000|100%| O|  |TAMS 0x0000000702000000, 0x0000000701f00000| Untracked 
|   2|0x0000000702000000, 0x0000000702100000, 0x0000000702100000|100%| O|  |TAMS 0x0000000702100000, 0x0000000702000000| Untracked 
|   3|0x0000000702100000, 0x0000000702200000, 0x0000000702200000|100%| O|  |TAMS 0x0000000702200000, 0x0000000702100000| Untracked 
|   4|0x0000000702200000, 0x0000000702300000, 0x0000000702300000|100%| O|  |TAMS 0x0000000702300000, 0x0000000702200000| Untracked 
|   5|0x0000000702300000, 0x0000000702400000, 0x0000000702400000|100%| O|  |TAMS 0x0000000702400000, 0x0000000702300000| Untracked 
|   6|0x0000000702400000, 0x0000000702476000, 0x0000000702500000| 46%| O|  |TAMS 0x0000000702476000, 0x0000000702400000| Untracked 
|   7|0x0000000702500000, 0x0000000702600000, 0x0000000702600000|100%|HS|  |TAMS 0x0000000702500000, 0x0000000702500000| Complete 
|   8|0x0000000702600000, 0x0000000702700000, 0x0000000702700000|100%|HC|  |TAMS 0x0000000702600000, 0x0000000702600000| Complete 
|   9|0x0000000702700000, 0x0000000702700000, 0x0000000702800000|  0%| F|  |TAMS 0x0000000702700000, 0x0000000702700000| Untracked 
|  10|0x0000000702800000, 0x0000000702800000, 0x0000000702900000|  0%| F|  |TAMS 0x0000000702800000, 0x0000000702800000| Untracked 
|  11|0x0000000702900000, 0x0000000702900000, 0x0000000702a00000|  0%| F|  |TAMS 0x0000000702900000, 0x0000000702900000| Untracked 
|  12|0x0000000702a00000, 0x0000000702a00000, 0x0000000702b00000|  0%| F|  |TAMS 0x0000000702a00000, 0x0000000702a00000| Untracked 
|  13|0x0000000702b00000, 0x0000000702b00000, 0x0000000702c00000|  0%| F|  |TAMS 0x0000000702b00000, 0x0000000702b00000| Untracked 
|  14|0x0000000702c00000, 0x0000000702c00000, 0x0000000702d00000|  0%| F|  |TAMS 0x0000000702c00000, 0x0000000702c00000| Untracked 
|  15|0x0000000702d00000, 0x0000000702d00000, 0x0000000702e00000|  0%| F|  |TAMS 0x0000000702d00000, 0x0000000702d00000| Untracked 
|  16|0x0000000702e00000, 0x0000000702e00000, 0x0000000702f00000|  0%| F|  |TAMS 0x0000000702e00000, 0x0000000702e00000| Untracked 
|  17|0x0000000702f00000, 0x0000000702f00000, 0x0000000703000000|  0%| F|  |TAMS 0x0000000702f00000, 0x0000000702f00000| Untracked 
|  18|0x0000000703000000, 0x0000000703000000, 0x0000000703100000|  0%| F|  |TAMS 0x0000000703000000, 0x0000000703000000| Untracked 
|  19|0x0000000703100000, 0x0000000703100000, 0x0000000703200000|  0%| F|  |TAMS 0x0000000703100000, 0x0000000703100000| Untracked 
|  20|0x0000000703200000, 0x0000000703200000, 0x0000000703300000|  0%| F|  |TAMS 0x0000000703200000, 0x0000000703200000| Untracked 
|  21|0x0000000703300000, 0x0000000703300000, 0x0000000703400000|  0%| F|  |TAMS 0x0000000703300000, 0x0000000703300000| Untracked 
|  22|0x0000000703400000, 0x0000000703400000, 0x0000000703500000|  0%| F|  |TAMS 0x0000000703400000, 0x0000000703400000| Untracked 
|  23|0x0000000703500000, 0x0000000703500000, 0x0000000703600000|  0%| F|  |TAMS 0x0000000703500000, 0x0000000703500000| Untracked 
|  24|0x0000000703600000, 0x0000000703600000, 0x0000000703700000|  0%| F|  |TAMS 0x0000000703600000, 0x0000000703600000| Untracked 
|  25|0x0000000703700000, 0x0000000703700000, 0x0000000703800000|  0%| F|  |TAMS 0x0000000703700000, 0x0000000703700000| Untracked 
|  26|0x0000000703800000, 0x0000000703800000, 0x0000000703900000|  0%| F|  |TAMS 0x0000000703800000, 0x0000000703800000| Untracked 
|  27|0x0000000703900000, 0x0000000703900000, 0x0000000703a00000|  0%| F|  |TAMS 0x0000000703900000, 0x0000000703900000| Untracked 
|  28|0x0000000703a00000, 0x0000000703a00000, 0x0000000703b00000|  0%| F|  |TAMS 0x0000000703a00000, 0x0000000703a00000| Untracked 
|  29|0x0000000703b00000, 0x0000000703b00000, 0x0000000703c00000|  0%| F|  |TAMS 0x0000000703b00000, 0x0000000703b00000| Untracked 
|  30|0x0000000703c00000, 0x0000000703c00000, 0x0000000703d00000|  0%| F|  |TAMS 0x0000000703c00000, 0x0000000703c00000| Untracked 
|  31|0x0000000703d00000, 0x0000000703d00000, 0x0000000703e00000|  0%| F|  |TAMS 0x0000000703d00000, 0x0000000703d00000| Untracked 
|  32|0x0000000703e00000, 0x0000000703e00000, 0x0000000703f00000|  0%| F|  |TAMS 0x0000000703e00000, 0x0000000703e00000| Untracked 
|  33|0x0000000703f00000, 0x0000000703f00000, 0x0000000704000000|  0%| F|  |TAMS 0x0000000703f00000, 0x0000000703f00000| Untracked 
|  34|0x0000000704000000, 0x0000000704000000, 0x0000000704100000|  0%| F|  |TAMS 0x0000000704000000, 0x0000000704000000| Untracked 
|  35|0x0000000704100000, 0x0000000704100000, 0x0000000704200000|  0%| F|  |TAMS 0x0000000704100000, 0x0000000704100000| Untracked 
|  36|0x0000000704200000, 0x0000000704200000, 0x0000000704300000|  0%| F|  |TAMS 0x0000000704200000, 0x0000000704200000| Untracked 
|  37|0x0000000704300000, 0x0000000704300000, 0x0000000704400000|  0%| F|  |TAMS 0x0000000704300000, 0x0000000704300000| Untracked 
|  38|0x0000000704400000, 0x0000000704400000, 0x0000000704500000|  0%| F|  |TAMS 0x0000000704400000, 0x0000000704400000| Untracked 
|  39|0x0000000704500000, 0x0000000704500000, 0x0000000704600000|  0%| F|  |TAMS 0x0000000704500000, 0x0000000704500000| Untracked 
|  40|0x0000000704600000, 0x0000000704600000, 0x0000000704700000|  0%| F|  |TAMS 0x0000000704600000, 0x0000000704600000| Untracked 
|  41|0x0000000704700000, 0x0000000704700000, 0x0000000704800000|  0%| F|  |TAMS 0x0000000704700000, 0x0000000704700000| Untracked 
|  42|0x0000000704800000, 0x0000000704800000, 0x0000000704900000|  0%| F|  |TAMS 0x0000000704800000, 0x0000000704800000| Untracked 
|  43|0x0000000704900000, 0x0000000704900000, 0x0000000704a00000|  0%| F|  |TAMS 0x0000000704900000, 0x0000000704900000| Untracked 
|  44|0x0000000704a00000, 0x0000000704a00000, 0x0000000704b00000|  0%| F|  |TAMS 0x0000000704a00000, 0x0000000704a00000| Untracked 
|  45|0x0000000704b00000, 0x0000000704b00000, 0x0000000704c00000|  0%| F|  |TAMS 0x0000000704b00000, 0x0000000704b00000| Untracked 
|  46|0x0000000704c00000, 0x0000000704c00000, 0x0000000704d00000|  0%| F|  |TAMS 0x0000000704c00000, 0x0000000704c00000| Untracked 
|  47|0x0000000704d00000, 0x0000000704d00000, 0x0000000704e00000|  0%| F|  |TAMS 0x0000000704d00000, 0x0000000704d00000| Untracked 
|  48|0x0000000704e00000, 0x0000000704e00000, 0x0000000704f00000|  0%| F|  |TAMS 0x0000000704e00000, 0x0000000704e00000| Untracked 
|  49|0x0000000704f00000, 0x0000000704f00000, 0x0000000705000000|  0%| F|  |TAMS 0x0000000704f00000, 0x0000000704f00000| Untracked 
|  50|0x0000000705000000, 0x0000000705000000, 0x0000000705100000|  0%| F|  |TAMS 0x0000000705000000, 0x0000000705000000| Untracked 
|  51|0x0000000705100000, 0x0000000705100000, 0x0000000705200000|  0%| F|  |TAMS 0x0000000705100000, 0x0000000705100000| Untracked 
|  52|0x0000000705200000, 0x0000000705200000, 0x0000000705300000|  0%| F|  |TAMS 0x0000000705200000, 0x0000000705200000| Untracked 
|  53|0x0000000705300000, 0x0000000705300000, 0x0000000705400000|  0%| F|  |TAMS 0x0000000705300000, 0x0000000705300000| Untracked 
|  54|0x0000000705400000, 0x0000000705400000, 0x0000000705500000|  0%| F|  |TAMS 0x0000000705400000, 0x0000000705400000| Untracked 
|  55|0x0000000705500000, 0x0000000705500000, 0x0000000705600000|  0%| F|  |TAMS 0x0000000705500000, 0x0000000705500000| Untracked 
|  56|0x0000000705600000, 0x0000000705600000, 0x0000000705700000|  0%| F|  |TAMS 0x0000000705600000, 0x0000000705600000| Untracked 
|  57|0x0000000705700000, 0x0000000705700000, 0x0000000705800000|  0%| F|  |TAMS 0x0000000705700000, 0x0000000705700000| Untracked 
|  58|0x0000000705800000, 0x0000000705800000, 0x0000000705900000|  0%| F|  |TAMS 0x0000000705800000, 0x0000000705800000| Untracked 
|  59|0x0000000705900000, 0x0000000705900000, 0x0000000705a00000|  0%| F|  |TAMS 0x0000000705900000, 0x0000000705900000| Untracked 
|  60|0x0000000705a00000, 0x0000000705a00000, 0x0000000705b00000|  0%| F|  |TAMS 0x0000000705a00000, 0x0000000705a00000| Untracked 
|  61|0x0000000705b00000, 0x0000000705b00000, 0x0000000705c00000|  0%| F|  |TAMS 0x0000000705b00000, 0x0000000705b00000| Untracked 
|  62|0x0000000705c00000, 0x0000000705c00000, 0x0000000705d00000|  0%| F|  |TAMS 0x0000000705c00000, 0x0000000705c00000| Untracked 
|  63|0x0000000705d00000, 0x0000000705d00000, 0x0000000705e00000|  0%| F|  |TAMS 0x0000000705d00000, 0x0000000705d00000| Untracked 
|  64|0x0000000705e00000, 0x0000000705e00000, 0x0000000705f00000|  0%| F|  |TAMS 0x0000000705e00000, 0x0000000705e00000| Untracked 
|  65|0x0000000705f00000, 0x0000000705f00000, 0x0000000706000000|  0%| F|  |TAMS 0x0000000705f00000, 0x0000000705f00000| Untracked 
|  66|0x0000000706000000, 0x0000000706000000, 0x0000000706100000|  0%| F|  |TAMS 0x0000000706000000, 0x0000000706000000| Untracked 
|  67|0x0000000706100000, 0x0000000706100000, 0x0000000706200000|  0%| F|  |TAMS 0x0000000706100000, 0x0000000706100000| Untracked 
|  68|0x0000000706200000, 0x0000000706200000, 0x0000000706300000|  0%| F|  |TAMS 0x0000000706200000, 0x0000000706200000| Untracked 
|  69|0x0000000706300000, 0x0000000706300000, 0x0000000706400000|  0%| F|  |TAMS 0x0000000706300000, 0x0000000706300000| Untracked 
|  70|0x0000000706400000, 0x0000000706400000, 0x0000000706500000|  0%| F|  |TAMS 0x0000000706400000, 0x0000000706400000| Untracked 
|  71|0x0000000706500000, 0x0000000706500000, 0x0000000706600000|  0%| F|  |TAMS 0x0000000706500000, 0x0000000706500000| Untracked 
|  72|0x0000000706600000, 0x0000000706600000, 0x0000000706700000|  0%| F|  |TAMS 0x0000000706600000, 0x0000000706600000| Untracked 
|  73|0x0000000706700000, 0x0000000706700000, 0x0000000706800000|  0%| F|  |TAMS 0x0000000706700000, 0x0000000706700000| Untracked 
|  74|0x0000000706800000, 0x0000000706800000, 0x0000000706900000|  0%| F|  |TAMS 0x0000000706800000, 0x0000000706800000| Untracked 
|  75|0x0000000706900000, 0x0000000706900000, 0x0000000706a00000|  0%| F|  |TAMS 0x0000000706900000, 0x0000000706900000| Untracked 
|  76|0x0000000706a00000, 0x0000000706a00000, 0x0000000706b00000|  0%| F|  |TAMS 0x0000000706a00000, 0x0000000706a00000| Untracked 
|  77|0x0000000706b00000, 0x0000000706b00000, 0x0000000706c00000|  0%| F|  |TAMS 0x0000000706b00000, 0x0000000706b00000| Untracked 
|  78|0x0000000706c00000, 0x0000000706c00000, 0x0000000706d00000|  0%| F|  |TAMS 0x0000000706c00000, 0x0000000706c00000| Untracked 
|  79|0x0000000706d00000, 0x0000000706d00000, 0x0000000706e00000|  0%| F|  |TAMS 0x0000000706d00000, 0x0000000706d00000| Untracked 
|  80|0x0000000706e00000, 0x0000000706e00000, 0x0000000706f00000|  0%| F|  |TAMS 0x0000000706e00000, 0x0000000706e00000| Untracked 
|  81|0x0000000706f00000, 0x0000000706f00000, 0x0000000707000000|  0%| F|  |TAMS 0x0000000706f00000, 0x0000000706f00000| Untracked 
|  82|0x0000000707000000, 0x0000000707000000, 0x0000000707100000|  0%| F|  |TAMS 0x0000000707000000, 0x0000000707000000| Untracked 
|  83|0x0000000707100000, 0x0000000707100000, 0x0000000707200000|  0%| F|  |TAMS 0x0000000707100000, 0x0000000707100000| Untracked 
|  84|0x0000000707200000, 0x0000000707200000, 0x0000000707300000|  0%| F|  |TAMS 0x0000000707200000, 0x0000000707200000| Untracked 
|  85|0x0000000707300000, 0x0000000707300000, 0x0000000707400000|  0%| F|  |TAMS 0x0000000707300000, 0x0000000707300000| Untracked 
|  86|0x0000000707400000, 0x0000000707400000, 0x0000000707500000|  0%| F|  |TAMS 0x0000000707400000, 0x0000000707400000| Untracked 
|  87|0x0000000707500000, 0x0000000707500000, 0x0000000707600000|  0%| F|  |TAMS 0x0000000707500000, 0x0000000707500000| Untracked 
|  88|0x0000000707600000, 0x0000000707600000, 0x0000000707700000|  0%| F|  |TAMS 0x0000000707600000, 0x0000000707600000| Untracked 
|  89|0x0000000707700000, 0x0000000707700000, 0x0000000707800000|  0%| F|  |TAMS 0x0000000707700000, 0x0000000707700000| Untracked 
|  90|0x0000000707800000, 0x0000000707800000, 0x0000000707900000|  0%| F|  |TAMS 0x0000000707800000, 0x0000000707800000| Untracked 
|  91|0x0000000707900000, 0x0000000707900000, 0x0000000707a00000|  0%| F|  |TAMS 0x0000000707900000, 0x0000000707900000| Untracked 
|  92|0x0000000707a00000, 0x0000000707a00000, 0x0000000707b00000|  0%| F|  |TAMS 0x0000000707a00000, 0x0000000707a00000| Untracked 
|  93|0x0000000707b00000, 0x0000000707b00000, 0x0000000707c00000|  0%| F|  |TAMS 0x0000000707b00000, 0x0000000707b00000| Untracked 
|  94|0x0000000707c00000, 0x0000000707c00000, 0x0000000707d00000|  0%| F|  |TAMS 0x0000000707c00000, 0x0000000707c00000| Untracked 
|  95|0x0000000707d00000, 0x0000000707d00000, 0x0000000707e00000|  0%| F|  |TAMS 0x0000000707d00000, 0x0000000707d00000| Untracked 
|  96|0x0000000707e00000, 0x0000000707e00000, 0x0000000707f00000|  0%| F|  |TAMS 0x0000000707e00000, 0x0000000707e00000| Untracked 
|  97|0x0000000707f00000, 0x0000000707f00000, 0x0000000708000000|  0%| F|  |TAMS 0x0000000707f00000, 0x0000000707f00000| Untracked 
|  98|0x0000000708000000, 0x0000000708000000, 0x0000000708100000|  0%| F|  |TAMS 0x0000000708000000, 0x0000000708000000| Untracked 
|  99|0x0000000708100000, 0x0000000708100000, 0x0000000708200000|  0%| F|  |TAMS 0x0000000708100000, 0x0000000708100000| Untracked 
| 100|0x0000000708200000, 0x0000000708200000, 0x0000000708300000|  0%| F|  |TAMS 0x0000000708200000, 0x0000000708200000| Untracked 
| 101|0x0000000708300000, 0x0000000708300000, 0x0000000708400000|  0%| F|  |TAMS 0x0000000708300000, 0x0000000708300000| Untracked 
| 102|0x0000000708400000, 0x0000000708400000, 0x0000000708500000|  0%| F|  |TAMS 0x0000000708400000, 0x0000000708400000| Untracked 
| 103|0x0000000708500000, 0x0000000708500000, 0x0000000708600000|  0%| F|  |TAMS 0x0000000708500000, 0x0000000708500000| Untracked 
| 104|0x0000000708600000, 0x0000000708600000, 0x0000000708700000|  0%| F|  |TAMS 0x0000000708600000, 0x0000000708600000| Untracked 
| 105|0x0000000708700000, 0x0000000708700000, 0x0000000708800000|  0%| F|  |TAMS 0x0000000708700000, 0x0000000708700000| Untracked 
| 106|0x0000000708800000, 0x0000000708800000, 0x0000000708900000|  0%| F|  |TAMS 0x0000000708800000, 0x0000000708800000| Untracked 
| 107|0x0000000708900000, 0x0000000708900000, 0x0000000708a00000|  0%| F|  |TAMS 0x0000000708900000, 0x0000000708900000| Untracked 
| 108|0x0000000708a00000, 0x0000000708a00000, 0x0000000708b00000|  0%| F|  |TAMS 0x0000000708a00000, 0x0000000708a00000| Untracked 
| 109|0x0000000708b00000, 0x0000000708b00000, 0x0000000708c00000|  0%| F|  |TAMS 0x0000000708b00000, 0x0000000708b00000| Untracked 
| 110|0x0000000708c00000, 0x0000000708c00000, 0x0000000708d00000|  0%| F|  |TAMS 0x0000000708c00000, 0x0000000708c00000| Untracked 
| 111|0x0000000708d00000, 0x0000000708d00000, 0x0000000708e00000|  0%| F|  |TAMS 0x0000000708d00000, 0x0000000708d00000| Untracked 
| 112|0x0000000708e00000, 0x0000000708e00000, 0x0000000708f00000|  0%| F|  |TAMS 0x0000000708e00000, 0x0000000708e00000| Untracked 
| 113|0x0000000708f00000, 0x0000000708f00000, 0x0000000709000000|  0%| F|  |TAMS 0x0000000708f00000, 0x0000000708f00000| Untracked 
| 114|0x0000000709000000, 0x0000000709000000, 0x0000000709100000|  0%| F|  |TAMS 0x0000000709000000, 0x0000000709000000| Untracked 
| 115|0x0000000709100000, 0x0000000709100000, 0x0000000709200000|  0%| F|  |TAMS 0x0000000709100000, 0x0000000709100000| Untracked 
| 116|0x0000000709200000, 0x0000000709200000, 0x0000000709300000|  0%| F|  |TAMS 0x0000000709200000, 0x0000000709200000| Untracked 
| 117|0x0000000709300000, 0x0000000709300000, 0x0000000709400000|  0%| F|  |TAMS 0x0000000709300000, 0x0000000709300000| Untracked 
| 118|0x0000000709400000, 0x0000000709400000, 0x0000000709500000|  0%| F|  |TAMS 0x0000000709400000, 0x0000000709400000| Untracked 
| 119|0x0000000709500000, 0x0000000709500000, 0x0000000709600000|  0%| F|  |TAMS 0x0000000709500000, 0x0000000709500000| Untracked 
| 120|0x0000000709600000, 0x0000000709600000, 0x0000000709700000|  0%| F|  |TAMS 0x0000000709600000, 0x0000000709600000| Untracked 
| 121|0x0000000709700000, 0x0000000709700000, 0x0000000709800000|  0%| F|  |TAMS 0x0000000709700000, 0x0000000709700000| Untracked 
| 122|0x0000000709800000, 0x0000000709800000, 0x0000000709900000|  0%| F|  |TAMS 0x0000000709800000, 0x0000000709800000| Untracked 
| 123|0x0000000709900000, 0x0000000709900000, 0x0000000709a00000|  0%| F|  |TAMS 0x0000000709900000, 0x0000000709900000| Untracked 
| 124|0x0000000709a00000, 0x0000000709a00000, 0x0000000709b00000|  0%| F|  |TAMS 0x0000000709a00000, 0x0000000709a00000| Untracked 
| 125|0x0000000709b00000, 0x0000000709b00000, 0x0000000709c00000|  0%| F|  |TAMS 0x0000000709b00000, 0x0000000709b00000| Untracked 
| 126|0x0000000709c00000, 0x0000000709c00000, 0x0000000709d00000|  0%| F|  |TAMS 0x0000000709c00000, 0x0000000709c00000| Untracked 
| 127|0x0000000709d00000, 0x0000000709d00000, 0x0000000709e00000|  0%| F|  |TAMS 0x0000000709d00000, 0x0000000709d00000| Untracked 
| 128|0x0000000709e00000, 0x0000000709e00000, 0x0000000709f00000|  0%| F|  |TAMS 0x0000000709e00000, 0x0000000709e00000| Untracked 
| 129|0x0000000709f00000, 0x0000000709f00000, 0x000000070a000000|  0%| F|  |TAMS 0x0000000709f00000, 0x0000000709f00000| Untracked 
| 130|0x000000070a000000, 0x000000070a000000, 0x000000070a100000|  0%| F|  |TAMS 0x000000070a000000, 0x000000070a000000| Untracked 
| 131|0x000000070a100000, 0x000000070a100000, 0x000000070a200000|  0%| F|  |TAMS 0x000000070a100000, 0x000000070a100000| Untracked 
| 132|0x000000070a200000, 0x000000070a200000, 0x000000070a300000|  0%| F|  |TAMS 0x000000070a200000, 0x000000070a200000| Untracked 
| 133|0x000000070a300000, 0x000000070a300000, 0x000000070a400000|  0%| F|  |TAMS 0x000000070a300000, 0x000000070a300000| Untracked 
| 134|0x000000070a400000, 0x000000070a400000, 0x000000070a500000|  0%| F|  |TAMS 0x000000070a400000, 0x000000070a400000| Untracked 
| 135|0x000000070a500000, 0x000000070a500000, 0x000000070a600000|  0%| F|  |TAMS 0x000000070a500000, 0x000000070a500000| Untracked 
| 136|0x000000070a600000, 0x000000070a600000, 0x000000070a700000|  0%| F|  |TAMS 0x000000070a600000, 0x000000070a600000| Untracked 
| 137|0x000000070a700000, 0x000000070a700000, 0x000000070a800000|  0%| F|  |TAMS 0x000000070a700000, 0x000000070a700000| Untracked 
| 138|0x000000070a800000, 0x000000070a800000, 0x000000070a900000|  0%| F|  |TAMS 0x000000070a800000, 0x000000070a800000| Untracked 
| 139|0x000000070a900000, 0x000000070a900000, 0x000000070aa00000|  0%| F|  |TAMS 0x000000070a900000, 0x000000070a900000| Untracked 
| 140|0x000000070aa00000, 0x000000070aa00000, 0x000000070ab00000|  0%| F|  |TAMS 0x000000070aa00000, 0x000000070aa00000| Untracked 
| 141|0x000000070ab00000, 0x000000070ab00000, 0x000000070ac00000|  0%| F|  |TAMS 0x000000070ab00000, 0x000000070ab00000| Untracked 
| 142|0x000000070ac00000, 0x000000070ac00000, 0x000000070ad00000|  0%| F|  |TAMS 0x000000070ac00000, 0x000000070ac00000| Untracked 
| 143|0x000000070ad00000, 0x000000070ad00000, 0x000000070ae00000|  0%| F|  |TAMS 0x000000070ad00000, 0x000000070ad00000| Untracked 
| 144|0x000000070ae00000, 0x000000070ae00000, 0x000000070af00000|  0%| F|  |TAMS 0x000000070ae00000, 0x000000070ae00000| Untracked 
| 145|0x000000070af00000, 0x000000070af00000, 0x000000070b000000|  0%| F|  |TAMS 0x000000070af00000, 0x000000070af00000| Untracked 
| 146|0x000000070b000000, 0x000000070b000000, 0x000000070b100000|  0%| F|  |TAMS 0x000000070b000000, 0x000000070b000000| Untracked 
| 147|0x000000070b100000, 0x000000070b100000, 0x000000070b200000|  0%| F|  |TAMS 0x000000070b100000, 0x000000070b100000| Untracked 
| 148|0x000000070b200000, 0x000000070b200000, 0x000000070b300000|  0%| F|  |TAMS 0x000000070b200000, 0x000000070b200000| Untracked 
| 149|0x000000070b300000, 0x000000070b300000, 0x000000070b400000|  0%| F|  |TAMS 0x000000070b300000, 0x000000070b300000| Untracked 
| 150|0x000000070b400000, 0x000000070b400000, 0x000000070b500000|  0%| F|  |TAMS 0x000000070b400000, 0x000000070b400000| Untracked 
| 151|0x000000070b500000, 0x000000070b500000, 0x000000070b600000|  0%| F|  |TAMS 0x000000070b500000, 0x000000070b500000| Untracked 
| 152|0x000000070b600000, 0x000000070b600000, 0x000000070b700000|  0%| F|  |TAMS 0x000000070b600000, 0x000000070b600000| Untracked 
| 153|0x000000070b700000, 0x000000070b700000, 0x000000070b800000|  0%| F|  |TAMS 0x000000070b700000, 0x000000070b700000| Untracked 
| 154|0x000000070b800000, 0x000000070b800000, 0x000000070b900000|  0%| F|  |TAMS 0x000000070b800000, 0x000000070b800000| Untracked 
| 155|0x000000070b900000, 0x000000070b900000, 0x000000070ba00000|  0%| F|  |TAMS 0x000000070b900000, 0x000000070b900000| Untracked 
| 156|0x000000070ba00000, 0x000000070ba00000, 0x000000070bb00000|  0%| F|  |TAMS 0x000000070ba00000, 0x000000070ba00000| Untracked 
| 157|0x000000070bb00000, 0x000000070bb00000, 0x000000070bc00000|  0%| F|  |TAMS 0x000000070bb00000, 0x000000070bb00000| Untracked 
| 158|0x000000070bc00000, 0x000000070bc00000, 0x000000070bd00000|  0%| F|  |TAMS 0x000000070bc00000, 0x000000070bc00000| Untracked 
| 159|0x000000070bd00000, 0x000000070bd00000, 0x000000070be00000|  0%| F|  |TAMS 0x000000070bd00000, 0x000000070bd00000| Untracked 
| 160|0x000000070be00000, 0x000000070be00000, 0x000000070bf00000|  0%| F|  |TAMS 0x000000070be00000, 0x000000070be00000| Untracked 
| 161|0x000000070bf00000, 0x000000070bf00000, 0x000000070c000000|  0%| F|  |TAMS 0x000000070bf00000, 0x000000070bf00000| Untracked 
| 162|0x000000070c000000, 0x000000070c000000, 0x000000070c100000|  0%| F|  |TAMS 0x000000070c000000, 0x000000070c000000| Untracked 
| 163|0x000000070c100000, 0x000000070c100000, 0x000000070c200000|  0%| F|  |TAMS 0x000000070c100000, 0x000000070c100000| Untracked 
| 164|0x000000070c200000, 0x000000070c200000, 0x000000070c300000|  0%| F|  |TAMS 0x000000070c200000, 0x000000070c200000| Untracked 
| 165|0x000000070c300000, 0x000000070c300000, 0x000000070c400000|  0%| F|  |TAMS 0x000000070c300000, 0x000000070c300000| Untracked 
| 166|0x000000070c400000, 0x000000070c400000, 0x000000070c500000|  0%| F|  |TAMS 0x000000070c400000, 0x000000070c400000| Untracked 
| 167|0x000000070c500000, 0x000000070c584810, 0x000000070c600000| 51%| E|  |TAMS 0x000000070c500000, 0x000000070c500000| Complete 
| 168|0x000000070c600000, 0x000000070c700000, 0x000000070c700000|100%| E|CS|TAMS 0x000000070c600000, 0x000000070c600000| Complete 
| 169|0x000000070c700000, 0x000000070c800000, 0x000000070c800000|100%| E|CS|TAMS 0x000000070c700000, 0x000000070c700000| Complete 
| 170|0x000000070c800000, 0x000000070c900000, 0x000000070c900000|100%| E|CS|TAMS 0x000000070c800000, 0x000000070c800000| Complete 
| 171|0x000000070c900000, 0x000000070ca00000, 0x000000070ca00000|100%| E|CS|TAMS 0x000000070c900000, 0x000000070c900000| Complete 
| 172|0x000000070ca00000, 0x000000070cb00000, 0x000000070cb00000|100%| E|CS|TAMS 0x000000070ca00000, 0x000000070ca00000| Complete 
| 173|0x000000070cb00000, 0x000000070cc00000, 0x000000070cc00000|100%| E|CS|TAMS 0x000000070cb00000, 0x000000070cb00000| Complete 
| 174|0x000000070cc00000, 0x000000070cd00000, 0x000000070cd00000|100%| E|CS|TAMS 0x000000070cc00000, 0x000000070cc00000| Complete 
| 175|0x000000070cd00000, 0x000000070ce00000, 0x000000070ce00000|100%| E|CS|TAMS 0x000000070cd00000, 0x000000070cd00000| Complete 
| 176|0x000000070ce00000, 0x000000070cf00000, 0x000000070cf00000|100%| E|CS|TAMS 0x000000070ce00000, 0x000000070ce00000| Complete 
| 177|0x000000070cf00000, 0x000000070d000000, 0x000000070d000000|100%| E|CS|TAMS 0x000000070cf00000, 0x000000070cf00000| Complete 
| 178|0x000000070d000000, 0x000000070d100000, 0x000000070d100000|100%| E|CS|TAMS 0x000000070d000000, 0x000000070d000000| Complete 
| 179|0x000000070d100000, 0x000000070d200000, 0x000000070d200000|100%| E|CS|TAMS 0x000000070d100000, 0x000000070d100000| Complete 
| 180|0x000000070d200000, 0x000000070d300000, 0x000000070d300000|100%| E|CS|TAMS 0x000000070d200000, 0x000000070d200000| Complete 
| 181|0x000000070d300000, 0x000000070d400000, 0x000000070d400000|100%| E|CS|TAMS 0x000000070d300000, 0x000000070d300000| Complete 
| 182|0x000000070d400000, 0x000000070d500000, 0x000000070d500000|100%| E|CS|TAMS 0x000000070d400000, 0x000000070d400000| Complete 
| 183|0x000000070d500000, 0x000000070d600000, 0x000000070d600000|100%| E|CS|TAMS 0x000000070d500000, 0x000000070d500000| Complete 
| 184|0x000000070d600000, 0x000000070d700000, 0x000000070d700000|100%| E|CS|TAMS 0x000000070d600000, 0x000000070d600000| Complete 
| 185|0x000000070d700000, 0x000000070d800000, 0x000000070d800000|100%| E|CS|TAMS 0x000000070d700000, 0x000000070d700000| Complete 
| 186|0x000000070d800000, 0x000000070d900000, 0x000000070d900000|100%| E|CS|TAMS 0x000000070d800000, 0x000000070d800000| Complete 
| 187|0x000000070d900000, 0x000000070da00000, 0x000000070da00000|100%| E|CS|TAMS 0x000000070d900000, 0x000000070d900000| Complete 
| 188|0x000000070da00000, 0x000000070db00000, 0x000000070db00000|100%| E|CS|TAMS 0x000000070da00000, 0x000000070da00000| Complete 
| 189|0x000000070db00000, 0x000000070dc00000, 0x000000070dc00000|100%| E|CS|TAMS 0x000000070db00000, 0x000000070db00000| Complete 
| 190|0x000000070dc00000, 0x000000070dd00000, 0x000000070dd00000|100%| E|CS|TAMS 0x000000070dc00000, 0x000000070dc00000| Complete 
| 191|0x000000070dd00000, 0x000000070de00000, 0x000000070de00000|100%| E|CS|TAMS 0x000000070dd00000, 0x000000070dd00000| Complete 
| 192|0x000000070de00000, 0x000000070df00000, 0x000000070df00000|100%| E|CS|TAMS 0x000000070de00000, 0x000000070de00000| Complete 
| 193|0x000000070df00000, 0x000000070e000000, 0x000000070e000000|100%| E|CS|TAMS 0x000000070df00000, 0x000000070df00000| Complete 
| 194|0x000000070e000000, 0x000000070e100000, 0x000000070e100000|100%| E|CS|TAMS 0x000000070e000000, 0x000000070e000000| Complete 
| 195|0x000000070e100000, 0x000000070e200000, 0x000000070e200000|100%| E|CS|TAMS 0x000000070e100000, 0x000000070e100000| Complete 
| 196|0x000000070e200000, 0x000000070e300000, 0x000000070e300000|100%| E|CS|TAMS 0x000000070e200000, 0x000000070e200000| Complete 
| 197|0x000000070e300000, 0x000000070e400000, 0x000000070e400000|100%| E|CS|TAMS 0x000000070e300000, 0x000000070e300000| Complete 
| 198|0x000000070e400000, 0x000000070e500000, 0x000000070e500000|100%| E|CS|TAMS 0x000000070e400000, 0x000000070e400000| Complete 
| 199|0x000000070e500000, 0x000000070e600000, 0x000000070e600000|100%| E|CS|TAMS 0x000000070e500000, 0x000000070e500000| Complete 
| 200|0x000000070e600000, 0x000000070e700000, 0x000000070e700000|100%| E|CS|TAMS 0x000000070e600000, 0x000000070e600000| Complete 
| 201|0x000000070e700000, 0x000000070e800000, 0x000000070e800000|100%| E|CS|TAMS 0x000000070e700000, 0x000000070e700000| Complete 
| 202|0x000000070e800000, 0x000000070e900000, 0x000000070e900000|100%| E|CS|TAMS 0x000000070e800000, 0x000000070e800000| Complete 
| 203|0x000000070e900000, 0x000000070ea00000, 0x000000070ea00000|100%| E|CS|TAMS 0x000000070e900000, 0x000000070e900000| Complete 
| 204|0x000000070ea00000, 0x000000070eb00000, 0x000000070eb00000|100%| E|CS|TAMS 0x000000070ea00000, 0x000000070ea00000| Complete 
| 205|0x000000070eb00000, 0x000000070ec00000, 0x000000070ec00000|100%| E|CS|TAMS 0x000000070eb00000, 0x000000070eb00000| Complete 
| 206|0x000000070ec00000, 0x000000070ed00000, 0x000000070ed00000|100%| E|CS|TAMS 0x000000070ec00000, 0x000000070ec00000| Complete 
| 207|0x000000070ed00000, 0x000000070ee00000, 0x000000070ee00000|100%| E|CS|TAMS 0x000000070ed00000, 0x000000070ed00000| Complete 
| 208|0x000000070ee00000, 0x000000070ef00000, 0x000000070ef00000|100%| E|CS|TAMS 0x000000070ee00000, 0x000000070ee00000| Complete 
| 209|0x000000070ef00000, 0x000000070f000000, 0x000000070f000000|100%| E|CS|TAMS 0x000000070ef00000, 0x000000070ef00000| Complete 
| 210|0x000000070f000000, 0x000000070f086260, 0x000000070f100000| 52%| S|CS|TAMS 0x000000070f000000, 0x000000070f000000| Complete 
| 211|0x000000070f100000, 0x000000070f200000, 0x000000070f200000|100%| S|CS|TAMS 0x000000070f100000, 0x000000070f100000| Complete 
| 212|0x000000070f200000, 0x000000070f300000, 0x000000070f300000|100%| S|CS|TAMS 0x000000070f200000, 0x000000070f200000| Complete 
| 213|0x000000070f300000, 0x000000070f400000, 0x000000070f400000|100%| S|CS|TAMS 0x000000070f300000, 0x000000070f300000| Complete 
| 214|0x000000070f400000, 0x000000070f500000, 0x000000070f500000|100%| S|CS|TAMS 0x000000070f400000, 0x000000070f400000| Complete 
| 215|0x000000070f500000, 0x000000070f600000, 0x000000070f600000|100%| S|CS|TAMS 0x000000070f500000, 0x000000070f500000| Complete 
| 216|0x000000070f600000, 0x000000070f700000, 0x000000070f700000|100%| S|CS|TAMS 0x000000070f600000, 0x000000070f600000| Complete 
| 217|0x000000070f700000, 0x000000070f800000, 0x000000070f800000|100%| S|CS|TAMS 0x000000070f700000, 0x000000070f700000| Complete 
| 218|0x000000070f800000, 0x000000070f900000, 0x000000070f900000|100%| E|CS|TAMS 0x000000070f800000, 0x000000070f800000| Complete 
| 219|0x000000070f900000, 0x000000070fa00000, 0x000000070fa00000|100%| E|CS|TAMS 0x000000070f900000, 0x000000070f900000| Complete 
| 220|0x000000070fa00000, 0x000000070fb00000, 0x000000070fb00000|100%| E|CS|TAMS 0x000000070fa00000, 0x000000070fa00000| Complete 
| 221|0x000000070fb00000, 0x000000070fc00000, 0x000000070fc00000|100%| E|CS|TAMS 0x000000070fb00000, 0x000000070fb00000| Complete 
| 222|0x000000070fc00000, 0x000000070fd00000, 0x000000070fd00000|100%| E|CS|TAMS 0x000000070fc00000, 0x000000070fc00000| Complete 
| 223|0x000000070fd00000, 0x000000070fe00000, 0x000000070fe00000|100%| E|CS|TAMS 0x000000070fd00000, 0x000000070fd00000| Complete 
| 224|0x000000070fe00000, 0x000000070ff00000, 0x000000070ff00000|100%| E|CS|TAMS 0x000000070fe00000, 0x000000070fe00000| Complete 
| 225|0x000000070ff00000, 0x0000000710000000, 0x0000000710000000|100%| E|CS|TAMS 0x000000070ff00000, 0x000000070ff00000| Complete 
| 226|0x0000000710000000, 0x0000000710100000, 0x0000000710100000|100%| E|CS|TAMS 0x0000000710000000, 0x0000000710000000| Complete 
| 227|0x0000000710100000, 0x0000000710200000, 0x0000000710200000|100%| E|CS|TAMS 0x0000000710100000, 0x0000000710100000| Complete 
| 228|0x0000000710200000, 0x0000000710300000, 0x0000000710300000|100%| E|CS|TAMS 0x0000000710200000, 0x0000000710200000| Complete 
| 229|0x0000000710300000, 0x0000000710400000, 0x0000000710400000|100%| E|CS|TAMS 0x0000000710300000, 0x0000000710300000| Complete 
| 230|0x0000000710400000, 0x0000000710500000, 0x0000000710500000|100%| E|CS|TAMS 0x0000000710400000, 0x0000000710400000| Complete 
| 231|0x0000000710500000, 0x0000000710600000, 0x0000000710600000|100%| E|CS|TAMS 0x0000000710500000, 0x0000000710500000| Complete 
| 232|0x0000000710600000, 0x0000000710700000, 0x0000000710700000|100%| E|CS|TAMS 0x0000000710600000, 0x0000000710600000| Complete 
| 233|0x0000000710700000, 0x0000000710800000, 0x0000000710800000|100%| E|CS|TAMS 0x0000000710700000, 0x0000000710700000| Complete 
| 234|0x0000000710800000, 0x0000000710900000, 0x0000000710900000|100%| E|CS|TAMS 0x0000000710800000, 0x0000000710800000| Complete 
| 235|0x0000000710900000, 0x0000000710a00000, 0x0000000710a00000|100%| E|CS|TAMS 0x0000000710900000, 0x0000000710900000| Complete 
| 236|0x0000000710a00000, 0x0000000710b00000, 0x0000000710b00000|100%| E|CS|TAMS 0x0000000710a00000, 0x0000000710a00000| Complete 
| 237|0x0000000710b00000, 0x0000000710c00000, 0x0000000710c00000|100%| E|CS|TAMS 0x0000000710b00000, 0x0000000710b00000| Complete 
| 238|0x0000000710c00000, 0x0000000710d00000, 0x0000000710d00000|100%| E|CS|TAMS 0x0000000710c00000, 0x0000000710c00000| Complete 
| 239|0x0000000710d00000, 0x0000000710e00000, 0x0000000710e00000|100%| E|CS|TAMS 0x0000000710d00000, 0x0000000710d00000| Complete 
| 240|0x0000000710e00000, 0x0000000710f00000, 0x0000000710f00000|100%| E|CS|TAMS 0x0000000710e00000, 0x0000000710e00000| Complete 
| 241|0x0000000710f00000, 0x0000000711000000, 0x0000000711000000|100%| E|CS|TAMS 0x0000000710f00000, 0x0000000710f00000| Complete 
| 242|0x0000000711000000, 0x0000000711100000, 0x0000000711100000|100%| E|CS|TAMS 0x0000000711000000, 0x0000000711000000| Complete 
| 243|0x0000000711100000, 0x0000000711200000, 0x0000000711200000|100%| E|CS|TAMS 0x0000000711100000, 0x0000000711100000| Complete 
| 244|0x0000000711200000, 0x0000000711300000, 0x0000000711300000|100%| E|CS|TAMS 0x0000000711200000, 0x0000000711200000| Complete 
| 245|0x0000000711300000, 0x0000000711400000, 0x0000000711400000|100%| E|CS|TAMS 0x0000000711300000, 0x0000000711300000| Complete 
| 246|0x0000000711400000, 0x0000000711500000, 0x0000000711500000|100%| E|CS|TAMS 0x0000000711400000, 0x0000000711400000| Complete 
| 247|0x0000000711500000, 0x0000000711600000, 0x0000000711600000|100%| E|CS|TAMS 0x0000000711500000, 0x0000000711500000| Complete 
| 248|0x0000000711600000, 0x0000000711700000, 0x0000000711700000|100%| E|CS|TAMS 0x0000000711600000, 0x0000000711600000| Complete 
| 249|0x0000000711700000, 0x0000000711800000, 0x0000000711800000|100%| E|CS|TAMS 0x0000000711700000, 0x0000000711700000| Complete 
| 250|0x0000000711800000, 0x0000000711900000, 0x0000000711900000|100%| E|CS|TAMS 0x0000000711800000, 0x0000000711800000| Complete 
| 251|0x0000000711900000, 0x0000000711a00000, 0x0000000711a00000|100%| E|CS|TAMS 0x0000000711900000, 0x0000000711900000| Complete 
| 252|0x0000000711a00000, 0x0000000711b00000, 0x0000000711b00000|100%| E|CS|TAMS 0x0000000711a00000, 0x0000000711a00000| Complete 
| 253|0x0000000711b00000, 0x0000000711c00000, 0x0000000711c00000|100%| E|CS|TAMS 0x0000000711b00000, 0x0000000711b00000| Complete 
| 254|0x0000000711c00000, 0x0000000711d00000, 0x0000000711d00000|100%| E|CS|TAMS 0x0000000711c00000, 0x0000000711c00000| Complete 
| 255|0x0000000711d00000, 0x0000000711e00000, 0x0000000711e00000|100%| E|CS|TAMS 0x0000000711d00000, 0x0000000711d00000| Complete 

Card table byte_map: [0x00000282bd280000,0x00000282bda80000] _byte_map_base: 0x00000282b9a71000

Marking Bits (Prev, Next): (CMBitMap*) 0x00000282a53bb528, (CMBitMap*) 0x00000282a53bb560
 Prev Bits: [0x00000282be280000, 0x00000282c2208000)
 Next Bits: [0x00000282c2210000, 0x00000282c6198000)

Polling page: 0x00000282a3170000

Metaspace:

Usage:
  Non-class:     38.70 MB capacity,    37.90 MB ( 98%) used,   658.45 KB (  2%) free+waste,   161.06 KB ( <1%) overhead. 
      Class:      6.06 MB capacity,     5.47 MB ( 90%) used,   525.27 KB (  8%) free+waste,    80.38 KB (  1%) overhead. 
       Both:     44.76 MB capacity,    43.37 MB ( 97%) used,     1.16 MB (  3%) free+waste,   241.44 KB ( <1%) overhead. 

Virtual space:
  Non-class space:       40.00 MB reserved,      38.92 MB ( 97%) committed 
      Class space:        1.00 GB reserved,       6.16 MB ( <1%) committed 
             Both:        1.04 GB reserved,      45.08 MB (  4%) committed 

Chunk freelists:
   Non-Class:  4.63 KB
       Class:  0 bytes
        Both:  4.63 KB

CodeHeap 'non-profiled nmethods': size=238336Kb used=6933Kb max_used=6933Kb free=231402Kb
 bounds [0x00000282ade90000, 0x00000282ae560000, 0x00000282bc750000]
CodeHeap 'non-nmethods': size=7424Kb used=1303Kb max_used=1303Kb free=6120Kb
 bounds [0x00000282ad750000, 0x00000282ad9c0000, 0x00000282ade90000]
 total_blobs=4703 nmethods=4006 adapters=622
 compilation: enabled
              stopped_count=0, restarted_count=0
 full_count=0

Compilation events (10 events):
Event: 4.257 Thread 0x00000282c963a000 3905       1       org.springframework.core.OrderComparator::findOrder (24 bytes)
Event: 4.257 Thread 0x00000282c963a000 nmethod 3905 0x00000282ae524510 code [0x00000282ae5246e0, 0x00000282ae5249d0]
Event: 4.258 Thread 0x00000282c963a000 3906       1       org.springframework.boot.autoconfigure.condition.ConditionEvaluationReport$$Lambda$574/0x0000000800553840::accept (20 bytes)
Event: 4.258 Thread 0x00000282c963a000 nmethod 3906 0x00000282ae524b10 code [0x00000282ae524cc0, 0x00000282ae524e90]
Event: 4.258 Thread 0x00000282c963a000 3907       1       org.springframework.boot.autoconfigure.condition.ConditionEvaluationReport::lambda$addNoMatchOutcomeToAncestors$1 (54 bytes)
Event: 4.258 Thread 0x00000282c963a000 nmethod 3907 0x00000282ae524f90 code [0x00000282ae5251e0, 0x00000282ae5259e0]
Event: 4.260 Thread 0x00000282c963a000 3908       1       org.springframework.boot.autoconfigure.condition.ConditionEvaluationReport$ConditionAndOutcome::getOutcome (5 bytes)
Event: 4.260 Thread 0x00000282c963a000 nmethod 3908 0x00000282ae525d90 code [0x00000282ae525f20, 0x00000282ae526038]
Event: 4.260 Thread 0x00000282c963a000 3909       1       java.util.TreeMap::forEach (58 bytes)
Event: 4.261 Thread 0x00000282c963a000 nmethod 3909 0x00000282ae526090 code [0x00000282ae526280, 0x00000282ae5265a0]

GC Heap History (10 events):
Event: 2.050 GC heap before
{Heap before GC invocations=0 (full 0):
 garbage-first heap   total 262144K, used 23552K [0x0000000701e00000, 0x0000000800000000)
  region size 1024K, 24 young (24576K), 0 survivors (0K)
 Metaspace       used 14938K, capacity 15403K, committed 15616K, reserved 1062912K
  class space    used 1593K, capacity 1758K, committed 1792K, reserved 1048576K
}
Event: 2.075 GC heap after
{Heap after GC invocations=1 (full 0):
 garbage-first heap   total 262144K, used 6550K [0x0000000701e00000, 0x0000000800000000)
  region size 1024K, 3 young (3072K), 3 survivors (3072K)
 Metaspace       used 14938K, capacity 15403K, committed 15616K, reserved 1062912K
  class space    used 1593K, capacity 1758K, committed 1792K, reserved 1048576K
}
Event: 2.380 GC heap before
{Heap before GC invocations=1 (full 0):
 garbage-first heap   total 262144K, used 29078K [0x0000000701e00000, 0x0000000800000000)
  region size 1024K, 25 young (25600K), 3 survivors (3072K)
 Metaspace       used 20346K, capacity 20998K, committed 21120K, reserved 1067008K
  class space    used 2325K, capacity 2588K, committed 2688K, reserved 1048576K
}
Event: 2.404 GC heap after
{Heap after GC invocations=2 (full 0):
 garbage-first heap   total 262144K, used 8205K [0x0000000701e00000, 0x0000000800000000)
  region size 1024K, 2 young (2048K), 2 survivors (2048K)
 Metaspace       used 20346K, capacity 20998K, committed 21120K, reserved 1067008K
  class space    used 2325K, capacity 2588K, committed 2688K, reserved 1048576K
}
Event: 2.408 GC heap before
{Heap before GC invocations=2 (full 0):
 garbage-first heap   total 262144K, used 9229K [0x0000000701e00000, 0x0000000800000000)
  region size 1024K, 4 young (4096K), 2 survivors (2048K)
 Metaspace       used 20507K, capacity 21183K, committed 21296K, reserved 1069056K
  class space    used 2343K, capacity 2625K, committed 2688K, reserved 1048576K
}
Event: 2.411 GC heap after
{Heap after GC invocations=3 (full 0):
 garbage-first heap   total 262144K, used 8254K [0x0000000701e00000, 0x0000000800000000)
  region size 1024K, 2 young (2048K), 2 survivors (2048K)
 Metaspace       used 20507K, capacity 21183K, committed 21296K, reserved 1069056K
  class space    used 2343K, capacity 2625K, committed 2688K, reserved 1048576K
}
Event: 3.025 GC heap before
{Heap before GC invocations=4 (full 0):
 garbage-first heap   total 262144K, used 76862K [0x0000000701e00000, 0x0000000800000000)
  region size 1024K, 69 young (70656K), 2 survivors (2048K)
 Metaspace       used 30222K, capacity 31177K, committed 31536K, reserved 1077248K
  class space    used 3705K, capacity 4098K, committed 4224K, reserved 1048576K
}
Event: 3.031 GC heap after
{Heap after GC invocations=5 (full 0):
 garbage-first heap   total 262144K, used 11775K [0x0000000701e00000, 0x0000000800000000)
  region size 1024K, 6 young (6144K), 6 survivors (6144K)
 Metaspace       used 30222K, capacity 31177K, committed 31536K, reserved 1077248K
  class space    used 3705K, capacity 4098K, committed 4224K, reserved 1048576K
}
Event: 3.575 GC heap before
{Heap before GC invocations=5 (full 0):
 garbage-first heap   total 262144K, used 49663K [0x0000000701e00000, 0x0000000800000000)
  region size 1024K, 44 young (45056K), 6 survivors (6144K)
 Metaspace       used 34773K, capacity 35855K, committed 35920K, reserved 1081344K
  class space    used 4291K, capacity 4738K, committed 4768K, reserved 1048576K
}
Event: 3.583 GC heap after
{Heap after GC invocations=6 (full 0):
 garbage-first heap   total 262144K, used 14320K [0x0000000701e00000, 0x0000000800000000)
  region size 1024K, 8 young (8192K), 8 survivors (8192K)
 Metaspace       used 34773K, capacity 35855K, committed 35920K, reserved 1081344K
  class space    used 4291K, capacity 4738K, committed 4768K, reserved 1048576K
}

Deoptimization events (0 events):
No events

Classes redefined (0 events):
No events

Internal exceptions (10 events):
Event: 4.113 Thread 0x00000282c9cce800 Exception <a 'java/lang/ClassNotFoundException'{0x000000070e863f98}: java/lang/ObjectCustomizer> (0x000000070e863f98) thrown at [./open/src/hotspot/share/classfile/systemDictionary.cpp, line 228]
Event: 4.113 Thread 0x00000282c9cce800 Exception <a 'java/lang/ClassNotFoundException'{0x000000070e8727e0}: org/springframework/security/config/annotation/web/configuration/WebSecurityConfigurationCustomizer> (0x000000070e8727e0) thrown at [./open/src/hotspot/share/classfile/systemDictionary.c
Event: 4.114 Thread 0x00000282c9cce800 Exception <a 'java/lang/ClassNotFoundException'{0x000000070e888880}: org/springframework/security/config/annotation/web/configuration/WebSecurityConfiguration$$EnhancerBySpringCGLIB$$7779bbdcCustomizer> (0x000000070e888880) thrown at [./open/src/hotspot/s
Event: 4.114 Thread 0x00000282c9cce800 Exception <a 'java/lang/ClassNotFoundException'{0x000000070e89d2e0}: org/springframework/context/annotation/ConfigurationClassEnhancer$EnhancedConfigurationCustomizer> (0x000000070e89d2e0) thrown at [./open/src/hotspot/share/classfile/systemDictionary.cpp
Event: 4.115 Thread 0x00000282c9cce800 Exception <a 'java/lang/ClassNotFoundException'{0x000000070e8a5e20}: org/springframework/beans/factory/BeanFactoryAwareCustomizer> (0x000000070e8a5e20) thrown at [./open/src/hotspot/share/classfile/systemDictionary.cpp, line 228]
Event: 4.115 Thread 0x00000282c9cce800 Exception <a 'java/lang/ClassNotFoundException'{0x000000070e8aebe8}: org/springframework/beans/factory/AwareCustomizer> (0x000000070e8aebe8) thrown at [./open/src/hotspot/share/classfile/systemDictionary.cpp, line 228]
Event: 4.115 Thread 0x00000282c9cce800 Exception <a 'java/lang/ClassNotFoundException'{0x000000070e8b76c0}: org/springframework/context/annotation/ImportAwareCustomizer> (0x000000070e8b76c0) thrown at [./open/src/hotspot/share/classfile/systemDictionary.cpp, line 228]
Event: 4.115 Thread 0x00000282c9cce800 Exception <a 'java/lang/ClassNotFoundException'{0x000000070e8c03a8}: org/springframework/beans/factory/AwareCustomizer> (0x000000070e8c03a8) thrown at [./open/src/hotspot/share/classfile/systemDictionary.cpp, line 228]
Event: 4.116 Thread 0x00000282c9cce800 Exception <a 'java/lang/ClassNotFoundException'{0x000000070e8c8f08}: org/springframework/beans/factory/BeanClassLoaderAwareCustomizer> (0x000000070e8c8f08) thrown at [./open/src/hotspot/share/classfile/systemDictionary.cpp, line 228]
Event: 4.116 Thread 0x00000282c9cce800 Exception <a 'java/lang/ClassNotFoundException'{0x000000070e8d17d0}: org/springframework/beans/factory/AwareCustomizer> (0x000000070e8d17d0) thrown at [./open/src/hotspot/share/classfile/systemDictionary.cpp, line 228]

Events (10 events):
Event: 4.262 loading class org/springframework/scheduling/support/TaskUtils$PropagatingErrorHandler done
Event: 4.262 loading class org/springframework/scheduling/support/DelegatingErrorHandlingRunnable
Event: 4.262 loading class org/springframework/scheduling/support/DelegatingErrorHandlingRunnable done
Event: 4.263 Thread 0x00000282d30be000 Thread added: 0x00000282d30be000
Event: 4.263 loading class org/hyperic/sigar/Cpu
Event: 4.263 loading class org/hyperic/sigar/Cpu done
Event: 4.263 loading class org/springframework/context/support/LiveBeansView
Event: 4.263 loading class org/springframework/context/support/LiveBeansView done
Event: 4.263 loading class org/springframework/context/support/LiveBeansViewMBean
Event: 4.263 loading class org/springframework/context/support/LiveBeansViewMBean done


Dynamic libraries:
0x00007ff639a30000 - 0x00007ff639a3f000 	C:\Program Files\Java\jdk-11.0.8\bin\java.exe
0x00007ff804f80000 - 0x00007ff805170000 	C:\Windows\SYSTEM32\ntdll.dll
0x00007ff804610000 - 0x00007ff8046c2000 	C:\Windows\System32\KERNEL32.DLL
0x00007ff802d80000 - 0x00007ff803025000 	C:\Windows\System32\KERNELBASE.dll
0x00007ff802c30000 - 0x00007ff802d2a000 	C:\Windows\System32\ucrtbase.dll
0x00007fffdc730000 - 0x00007fffdc748000 	C:\Program Files\Java\jdk-11.0.8\bin\jli.dll
0x00007fffe1900000 - 0x00007fffe1915000 	C:\Program Files\Java\jdk-11.0.8\bin\VCRUNTIME140.dll
0x00007ff8046d0000 - 0x00007ff804773000 	C:\Windows\System32\ADVAPI32.dll
0x00007ff803a30000 - 0x00007ff803ace000 	C:\Windows\System32\msvcrt.dll
0x00007ff804b90000 - 0x00007ff804c27000 	C:\Windows\System32\sechost.dll
0x00007ff803030000 - 0x00007ff803150000 	C:\Windows\System32\RPCRT4.dll
0x00007ff8032a0000 - 0x00007ff803434000 	C:\Windows\System32\USER32.dll
0x00007ff802140000 - 0x00007ff802161000 	C:\Windows\System32\win32u.dll
0x00007ff803c90000 - 0x00007ff803cb6000 	C:\Windows\System32\GDI32.dll
0x00007ffff0230000 - 0x00007ffff04b4000 	C:\Windows\WinSxS\amd64_microsoft.windows.common-controls_6595b64144ccf1df_6.0.18362.1256_none_9e7e379be45e40e2\COMCTL32.dll
0x00007ff801ef0000 - 0x00007ff802086000 	C:\Windows\System32\gdi32full.dll
0x00007ff804780000 - 0x00007ff804ab6000 	C:\Windows\System32\combase.dll
0x00007ff802b90000 - 0x00007ff802c2e000 	C:\Windows\System32\msvcp_win.dll
0x00007ff802ab0000 - 0x00007ff802b31000 	C:\Windows\System32\bcryptPrimitives.dll
0x00007ffffba00000 - 0x00007ffffba0a000 	C:\Windows\SYSTEM32\VERSION.dll
0x00007ff803dc0000 - 0x00007ff803dee000 	C:\Windows\System32\IMM32.DLL
0x00007fffb9f30000 - 0x00007fffb9fcb000 	C:\Program Files\Java\jdk-11.0.8\bin\msvcp140.dll
0x00007fff8b370000 - 0x00007fff8be56000 	C:\Program Files\Java\jdk-11.0.8\bin\server\jvm.dll
0x00007ff803b50000 - 0x00007ff803b58000 	C:\Windows\System32\PSAPI.DLL
0x00007ffffa820000 - 0x00007ffffa844000 	C:\Windows\SYSTEM32\WINMM.dll
0x00007ffffcb50000 - 0x00007ffffcb59000 	C:\Windows\SYSTEM32\WSOCK32.dll
0x00007ff803d50000 - 0x00007ff803dbf000 	C:\Windows\System32\WS2_32.dll
0x00007ffffa7e0000 - 0x00007ffffa80d000 	C:\Windows\SYSTEM32\WINMMBASE.dll
0x00007ff802d30000 - 0x00007ff802d7a000 	C:\Windows\System32\cfgmgr32.dll
0x00007ff801e30000 - 0x00007ff801e41000 	C:\Windows\System32\kernel.appcore.dll
0x00007fffebe80000 - 0x00007fffebe90000 	C:\Program Files\Java\jdk-11.0.8\bin\verify.dll
0x00007ff800560000 - 0x00007ff800754000 	C:\Windows\SYSTEM32\DBGHELP.DLL
0x00007ffff0fe0000 - 0x00007ffff100a000 	C:\Windows\SYSTEM32\dbgcore.DLL
0x00007fffd1ce0000 - 0x00007fffd1d08000 	C:\Program Files\Java\jdk-11.0.8\bin\java.dll
0x00007fffebcc0000 - 0x00007fffebcca000 	C:\Program Files\Java\jdk-11.0.8\bin\jimage.dll
0x00007ffffa880000 - 0x00007ffffa88e000 	C:\Program Files\Java\jdk-11.0.8\bin\instrument.dll
0x00007fffdc710000 - 0x00007fffdc726000 	C:\Program Files\Java\jdk-11.0.8\bin\zip.dll
0x00007ff803ea0000 - 0x00007ff804587000 	C:\Windows\System32\SHELL32.dll
0x00007ff803980000 - 0x00007ff803a29000 	C:\Windows\System32\shcore.dll
0x00007ff8021d0000 - 0x00007ff802951000 	C:\Windows\System32\windows.storage.dll
0x00007ff801ea0000 - 0x00007ff801ec3000 	C:\Windows\System32\profapi.dll
0x00007ff801e50000 - 0x00007ff801e9a000 	C:\Windows\System32\powrprof.dll
0x00007ff801e20000 - 0x00007ff801e30000 	C:\Windows\System32\UMPDC.dll
0x00007ff803450000 - 0x00007ff8034a2000 	C:\Windows\System32\shlwapi.dll
0x00007ff802b70000 - 0x00007ff802b87000 	C:\Windows\System32\cryptsp.dll
0x00007fffd7fd0000 - 0x00007fffd7fe9000 	C:\Program Files\Java\jdk-11.0.8\bin\net.dll
0x00007ffff9d80000 - 0x00007ffff9e70000 	C:\Windows\SYSTEM32\WINHTTP.dll
0x00007ff801670000 - 0x00007ff8016d7000 	C:\Windows\system32\mswsock.dll
0x00007fffd7570000 - 0x00007fffd7582000 	C:\Program Files\Java\jdk-11.0.8\bin\nio.dll
0x00007fffc5a90000 - 0x00007fffc5aaa000 	C:\Program Files\JetBrains\IntelliJ IDEA 2020.2.3\bin\breakgen64.dll
0x00007ff8013c0000 - 0x00007ff80148b000 	C:\Windows\SYSTEM32\DNSAPI.dll
0x00007ff803150000 - 0x00007ff803158000 	C:\Windows\System32\NSI.dll
0x00007ff801380000 - 0x00007ff8013ba000 	C:\Windows\SYSTEM32\IPHLPAPI.DLL
0x000000005f260000 - 0x000000005f286000 	C:\Program Files\Bonjour\mdnsNSP.dll
0x00007ffffb9f0000 - 0x00007ffffb9fa000 	C:\Windows\System32\rasadhlp.dll
0x00007ffff3950000 - 0x00007ffff39c7000 	C:\Windows\System32\fwpuclnt.dll
0x00007ff802b40000 - 0x00007ff802b66000 	C:\Windows\System32\bcrypt.dll
0x00007fffeda20000 - 0x00007fffeda29000 	C:\Program Files\Java\jdk-11.0.8\bin\management.dll
0x00007fffea360000 - 0x00007fffea36b000 	C:\Program Files\Java\jdk-11.0.8\bin\management_ext.dll
0x00007ff8011e0000 - 0x00007ff801213000 	C:\Windows\system32\rsaenh.dll
0x00007ff801d40000 - 0x00007ff801d65000 	C:\Windows\SYSTEM32\USERENV.dll
0x00007ff801840000 - 0x00007ff80184c000 	C:\Windows\SYSTEM32\CRYPTBASE.dll
0x00007ffff3930000 - 0x00007ffff3946000 	C:\Windows\SYSTEM32\dhcpcsvc6.DLL
0x00007ffff3910000 - 0x00007ffff392c000 	C:\Windows\SYSTEM32\dhcpcsvc.DLL
0x00007fffeadf0000 - 0x00007fffeae06000 	C:\Windows\system32\napinsp.dll
0x00007fffeadd0000 - 0x00007fffeadea000 	C:\Windows\system32\pnrpnsp.dll
0x00007fffeba50000 - 0x00007fffeba5e000 	C:\Windows\System32\winrnr.dll
0x00007ffffe400000 - 0x00007ffffe41c000 	C:\Windows\system32\NLAapi.dll
0x00007ffffd570000 - 0x00007ffffd585000 	C:\Windows\system32\wshbth.dll
0x00000282a52b0000 - 0x00000282a52b3000 	C:\Program Files\Java\jdk-11.0.8\bin\api-ms-win-core-console-l1-1-0.dll
0x00000282a52c0000 - 0x00000282a52c3000 	C:\Program Files\Java\jdk-11.0.8\bin\api-ms-win-core-datetime-l1-1-0.dll
0x00000282a52d0000 - 0x00000282a52d3000 	C:\Program Files\Java\jdk-11.0.8\bin\api-ms-win-core-debug-l1-1-0.dll
0x00000282a52e0000 - 0x00000282a52e3000 	C:\Program Files\Java\jdk-11.0.8\bin\api-ms-win-core-errorhandling-l1-1-0.dll
0x00000282a5310000 - 0x00000282a5314000 	C:\Program Files\Java\jdk-11.0.8\bin\api-ms-win-core-file-l1-1-0.dll
0x00000282a52f0000 - 0x00000282a52f3000 	C:\Program Files\Java\jdk-11.0.8\bin\api-ms-win-core-file-l1-2-0.dll
0x00000282a5300000 - 0x00000282a5303000 	C:\Program Files\Java\jdk-11.0.8\bin\api-ms-win-core-file-l2-1-0.dll
0x00000282ca130000 - 0x00000282ca133000 	C:\Program Files\Java\jdk-11.0.8\bin\api-ms-win-core-handle-l1-1-0.dll
0x00000282ca140000 - 0x00000282ca143000 	C:\Program Files\Java\jdk-11.0.8\bin\api-ms-win-core-heap-l1-1-0.dll
0x00000282ca150000 - 0x00000282ca153000 	C:\Program Files\Java\jdk-11.0.8\bin\api-ms-win-core-interlocked-l1-1-0.dll
0x00000282ca160000 - 0x00000282ca163000 	C:\Program Files\Java\jdk-11.0.8\bin\api-ms-win-core-libraryloader-l1-1-0.dll
0x00000282ca170000 - 0x00000282ca173000 	C:\Program Files\Java\jdk-11.0.8\bin\api-ms-win-core-localization-l1-2-0.dll
0x00000282ca180000 - 0x00000282ca183000 	C:\Program Files\Java\jdk-11.0.8\bin\api-ms-win-core-memory-l1-1-0.dll
0x00000282ca190000 - 0x00000282ca193000 	C:\Program Files\Java\jdk-11.0.8\bin\api-ms-win-core-namedpipe-l1-1-0.dll
0x00000282ca1a0000 - 0x00000282ca1a3000 	C:\Program Files\Java\jdk-11.0.8\bin\api-ms-win-core-processenvironment-l1-1-0.dll
0x00000282ca1b0000 - 0x00000282ca1b3000 	C:\Program Files\Java\jdk-11.0.8\bin\api-ms-win-core-processthreads-l1-1-0.dll
0x00000282ca1c0000 - 0x00000282ca1c3000 	C:\Program Files\Java\jdk-11.0.8\bin\api-ms-win-core-processthreads-l1-1-1.dll
0x00000282ca1d0000 - 0x00000282ca1d3000 	C:\Program Files\Java\jdk-11.0.8\bin\api-ms-win-core-profile-l1-1-0.dll
0x00000282ca1e0000 - 0x00000282ca1e3000 	C:\Program Files\Java\jdk-11.0.8\bin\api-ms-win-core-rtlsupport-l1-1-0.dll
0x00000282ca1f0000 - 0x00000282ca1f3000 	C:\Program Files\Java\jdk-11.0.8\bin\api-ms-win-core-string-l1-1-0.dll
0x00000282ca200000 - 0x00000282ca203000 	C:\Program Files\Java\jdk-11.0.8\bin\api-ms-win-core-synch-l1-1-0.dll
0x00000282ca210000 - 0x00000282ca213000 	C:\Program Files\Java\jdk-11.0.8\bin\api-ms-win-core-synch-l1-2-0.dll
0x00000282ca220000 - 0x00000282ca223000 	C:\Program Files\Java\jdk-11.0.8\bin\api-ms-win-core-sysinfo-l1-1-0.dll
0x00000282ca230000 - 0x00000282ca233000 	C:\Program Files\Java\jdk-11.0.8\bin\api-ms-win-core-timezone-l1-1-0.dll
0x00000282ca240000 - 0x00000282ca243000 	C:\Program Files\Java\jdk-11.0.8\bin\api-ms-win-core-util-l1-1-0.dll
0x00000282ca250000 - 0x00000282ca253000 	C:\Program Files\Java\jdk-11.0.8\bin\api-ms-win-crt-conio-l1-1-0.dll
0x00000282ca260000 - 0x00000282ca264000 	C:\Program Files\Java\jdk-11.0.8\bin\api-ms-win-crt-convert-l1-1-0.dll
0x00000282ca270000 - 0x00000282ca273000 	C:\Program Files\Java\jdk-11.0.8\bin\api-ms-win-crt-environment-l1-1-0.dll
0x00000282ca280000 - 0x00000282ca283000 	C:\Program Files\Java\jdk-11.0.8\bin\api-ms-win-crt-filesystem-l1-1-0.dll
0x00000282ca290000 - 0x00000282ca293000 	C:\Program Files\Java\jdk-11.0.8\bin\api-ms-win-crt-heap-l1-1-0.dll
0x00000282ca2a0000 - 0x00000282ca2a3000 	C:\Program Files\Java\jdk-11.0.8\bin\api-ms-win-crt-locale-l1-1-0.dll
0x00000282ca2b0000 - 0x00000282ca2b5000 	C:\Program Files\Java\jdk-11.0.8\bin\api-ms-win-crt-math-l1-1-0.dll
0x00000282ca2c0000 - 0x00000282ca2c5000 	C:\Program Files\Java\jdk-11.0.8\bin\api-ms-win-crt-multibyte-l1-1-0.dll
0x00000282ca2d0000 - 0x00000282ca2e0000 	C:\Program Files\Java\jdk-11.0.8\bin\api-ms-win-crt-private-l1-1-0.dll
0x00000282ca2e0000 - 0x00000282ca2e3000 	C:\Program Files\Java\jdk-11.0.8\bin\api-ms-win-crt-process-l1-1-0.dll
0x00000282ca2f0000 - 0x00000282ca2f4000 	C:\Program Files\Java\jdk-11.0.8\bin\api-ms-win-crt-runtime-l1-1-0.dll
0x00000282ca300000 - 0x00000282ca304000 	C:\Program Files\Java\jdk-11.0.8\bin\api-ms-win-crt-stdio-l1-1-0.dll
0x00000282ca310000 - 0x00000282ca314000 	C:\Program Files\Java\jdk-11.0.8\bin\api-ms-win-crt-string-l1-1-0.dll
0x00000282caa70000 - 0x00000282caa73000 	C:\Program Files\Java\jdk-11.0.8\bin\api-ms-win-crt-time-l1-1-0.dll
0x00000282caa80000 - 0x00000282caa83000 	C:\Program Files\Java\jdk-11.0.8\bin\api-ms-win-crt-utility-l1-1-0.dll
0x00007fffa63d0000 - 0x00007fffa64cc000 	C:\Program Files\Java\jdk-11.0.8\bin\ucrtbase.dll
0x00007fffa6370000 - 0x00007fffa63c1000 	C:\Windows\System32\concrt140.dll
0x00007fffb2bf0000 - 0x00007fffb2c13000 	C:\Users\sup\.openjfx\cache\11.0.2\prism_d3d.dll
0x00007fffd9a10000 - 0x00007fffd9bd7000 	C:\Windows\system32\d3d9.dll
0x00007fffff720000 - 0x00007fffff74d000 	C:\Windows\SYSTEM32\dwmapi.dll
0x00007ff800a60000 - 0x00007ff800a80000 	C:\Windows\SYSTEM32\dxcore.dll
0x00007fffff210000 - 0x00007fffff2a9000 	C:\Windows\system32\uxtheme.dll
0x00007ffff6530000 - 0x00007ffff6632000 	C:\Windows\System32\DriverStore\FileRepository\nvcvi.inf_amd64_93d05450382b7d16\nvldumdx.dll
0x00007ff802960000 - 0x00007ff802aa9000 	C:\Windows\System32\crypt32.dll
0x00007ff801ed0000 - 0x00007ff801ee2000 	C:\Windows\System32\MSASN1.dll
0x00007ffff9e70000 - 0x00007ffff9e9f000 	C:\Windows\SYSTEM32\cryptnet.dll
0x00007ff802170000 - 0x00007ff8021cc000 	C:\Windows\System32\WINTRUST.DLL
0x00007ff803d30000 - 0x00007ff803d4d000 	C:\Windows\System32\imagehlp.dll
0x00007fffa3a50000 - 0x00007fffa51f3000 	C:\Windows\System32\DriverStore\FileRepository\nvcvi.inf_amd64_93d05450382b7d16\nvd3dumx.dll
0x00007fffa6110000 - 0x00007fffa6155000 	C:\Users\sup\.openjfx\cache\11.0.2\glass.dll
0x00007ff803bc0000 - 0x00007ff803c90000 	C:\Windows\System32\COMDLG32.dll
0x00007ff804c30000 - 0x00007ff804d87000 	C:\Windows\System32\ole32.dll
0x00007ff804ac0000 - 0x00007ff804b85000 	C:\Windows\System32\OLEAUT32.dll
0x00007ff803160000 - 0x00007ff803295000 	C:\Windows\System32\MSCTF.dll

dbghelp: loaded successfully - version: 4.0.5 - missing functions: none
symbol engine: initialized successfully - sym options: 0x614 - pdb path: .;C:\Program Files\Java\jdk-11.0.8\bin;C:\Windows\SYSTEM32;C:\Windows\WinSxS\amd64_microsoft.windows.common-controls_6595b64144ccf1df_6.0.18362.1256_none_9e7e379be45e40e2;C:\Program Files\Java\jdk-11.0.8\bin\server;C:\Program Files\JetBrains\IntelliJ IDEA 2020.2.3\bin;C:\Program Files\Bonjour;C:\Users\sup\.openjfx\cache\11.0.2;C:\Windows\System32\DriverStore\FileRepository\nvcvi.inf_amd64_93d05450382b7d16;C:\Program Files\Java\jdk1.8.0_251\bin

VM Arguments:
jvm_args: -XX:TieredStopAtLevel=1 -Xverify:none -Dspring.output.ansi.enabled=always -Dcom.sun.management.jmxremote -Dspring.jmx.enabled=true -Dspring.liveBeansView.mbeanDomain -Dspring.application.admin.enabled=true -javaagent:C:\Program Files\JetBrains\IntelliJ IDEA 2020.2.3\lib\idea_rt.jar=5420:C:\Program Files\JetBrains\IntelliJ IDEA 2020.2.3\bin -Dfile.encoding=UTF-8 
java_command: cn.novisfff.raspberry.RaspberryApplication
java_class_path (initial): F:\java_code\raspberry\target\classes;C:\Users\sup\.m2\repository\org\springframework\boot\spring-boot-starter-security\2.1.6.RELEASE\spring-boot-starter-security-2.1.6.RELEASE.jar;C:\Users\sup\.m2\repository\org\springframework\boot\spring-boot-starter\2.1.6.RELEASE\spring-boot-starter-2.1.6.RELEASE.jar;C:\Users\sup\.m2\repository\org\springframework\boot\spring-boot\2.1.6.RELEASE\spring-boot-2.1.6.RELEASE.jar;C:\Users\sup\.m2\repository\org\springframework\boot\spring-boot-autoconfigure\2.1.6.RELEASE\spring-boot-autoconfigure-2.1.6.RELEASE.jar;C:\Users\sup\.m2\repository\org\springframework\boot\spring-boot-starter-logging\2.1.6.RELEASE\spring-boot-starter-logging-2.1.6.RELEASE.jar;C:\Users\sup\.m2\repository\ch\qos\logback\logback-classic\1.2.3\logback-classic-1.2.3.jar;C:\Users\sup\.m2\repository\ch\qos\logback\logback-core\1.2.3\logback-core-1.2.3.jar;C:\Users\sup\.m2\repository\org\apache\logging\log4j\log4j-to-slf4j\2.11.2\log4j-to-slf4j-2.11.2.jar;C:\Users\sup\.m2\repository\org\apache\logging\log4j\log4j-api\2.11.2\log4j-api-2.11.2.jar;C:\Users\sup\.m2\repository\org\slf4j\jul-to-slf4j\1.7.26\jul-to-slf4j-1.7.26.jar;C:\Users\sup\.m2\repository\javax\annotation\javax.annotation-api\1.3.2\javax.annotation-api-1.3.2.jar;C:\Users\sup\.m2\repository\org\yaml\snakeyaml\1.23\snakeyaml-1.23.jar;C:\Users\sup\.m2\repository\org\springframework\spring-aop\5.1.8.RELEASE\spring-aop-5.1.8.RELEASE.jar;C:\Users\sup\.m2\repository\org\springframework\spring-beans\5.1.8.RELEASE\spring-beans-5.1.8.RELEASE.jar;C:\Users\sup\.m2\repository\org\springframework\security\spring-security-config\5.1.5.RELEASE\spring-security-config-5.1.5.RELEASE.jar;C:\Users\sup\.m2\repository\org\springframework\spring-context\5.1.8.RELEASE\spring-context-5.1.8.RELEASE.jar;C:\Users\sup\.m2\repository\org\springframework\security\spring-security-web\5.1.5.RELEASE\spring-security-web-5.1.5.RELEASE.jar;C:\Users\sup\.m2\repository\org\springframework\spring-expression\5.1.8.
Launcher Type: SUN_STANDARD

[Global flags]
     bool BytecodeVerificationLocal                = false                                     {product} {command line}
     bool BytecodeVerificationRemote               = false                                     {product} {command line}
     intx CICompilerCount                          = 4                                         {product} {ergonomic}
     uint ConcGCThreads                            = 2                                         {product} {ergonomic}
     uint G1ConcRefinementThreads                  = 8                                         {product} {ergonomic}
   size_t G1HeapRegionSize                         = 1048576                                   {product} {ergonomic}
    uintx GCDrainStackTargetSize                   = 64                                        {product} {ergonomic}
   size_t InitialHeapSize                          = 268435456                                 {product} {ergonomic}
     bool ManagementServer                         = true                                      {product} {command line}
   size_t MarkStackSize                            = 4194304                                   {product} {ergonomic}
   size_t MaxHeapSize                              = 4263510016                                {product} {ergonomic}
   size_t MaxNewSize                               = 2557476864                                {product} {ergonomic}
   size_t MinHeapDeltaBytes                        = 1048576                                   {product} {ergonomic}
    uintx NonNMethodCodeHeapSize                   = 7549744                                {pd product} {ergonomic}
    uintx NonProfiledCodeHeapSize                  = 244108496                              {pd product} {ergonomic}
    uintx ProfiledCodeHeapSize                     = 0                                      {pd product} {ergonomic}
    uintx ReservedCodeCacheSize                    = 251658240                              {pd product} {ergonomic}
     bool SegmentedCodeCache                       = true                                      {product} {ergonomic}
     intx TieredStopAtLevel                        = 1                                         {product} {command line}
     bool UseCompressedClassPointers               = true                                 {lp64_product} {ergonomic}
     bool UseCompressedOops                        = true                                 {lp64_product} {ergonomic}
     bool UseG1GC                                  = true                                      {product} {ergonomic}
     bool UseLargePagesIndividualAllocation        = false                                  {pd product} {ergonomic}

Logging:
Log output configuration:
 #0: stdout all=warning uptime,level,tags
 #1: stderr all=off uptime,level,tags

Environment Variables:
JAVA_HOME=C:\Program Files\Java\jdk1.8.0_251
CLASSPATH=.;C:\Program Files\Java\jdk1.8.0_251\lib\dt.jar;C:\Program Files\Java\jdk1.8.0_251\lib\tools.jar;
PATH=C:\Program Files\Common Files\Oracle\Java\javapath;C:\Program Files (x86)\Common Files\Intel\Shared Libraries\redist\intel64\compiler;C:\Program Files (x86)\Common Files\Oracle\Java\javapath;C:\Program Files (x86)\NetSarang\Xshell 6\;C:\Program Files (x86)\Razer Chroma SDK\bin;C:\Program Files\Razer Chroma SDK\bin;C:\Program Files (x86)\Razer\ChromaBroadcast\bin;C:\Program Files\Razer\ChromaBroadcast\bin;C:\Program Files (x86)\java\jdk-13.0.2\bin;C:\Program Files (x86)\java\jdk-13.0.2\jre\bin;C:\Program Files\nodejs\;C:\Program Files\Git\cmd;C:\Program Files\MySQL\MySQL Shell 8.0\bin\;C:\Users\sup\AppData\Local\Microsoft\WindowsApps;C:\Users\sup\AppData\Local\Programs\Microsoft VS Code\bin;C:\Users\sup\AppData\Roaming\npm;C:\Windows\System32;C:\Program Files\MySQL\MySQL Server 8.0\bin;C:\Windows\system32\config\systemprofile\AppData\Local\Microsoft\WindowsApps;C:\Program Files\Polyspace\R2020a\runtime\win64;C:\Program Files\Polyspace\R2020a\bin;C:\Program Files\Polyspace\R2020a\polyspace\bin;C:\Program Files\MATLAB\MATLAB Runtime\v98\runtime\win64;C:\Program Files (x86)\NVIDIA Corporation\PhysX\Common;F:\Program Files\Polyspace\R2020a\runtime\win64;F:\Program Files\Polyspace\R2020a\bin;F:\Program Files\Polyspace\R2020a\polyspace\bin;C:\Program Files\MySQL\MySQL Shell 8.0\bin\;C:\Users\sup\AppData\Local\Microsoft\WindowsApps;C:\Users\sup\AppData\Local\Programs\Microsoft VS Code\bin;C:\Users\sup\AppData\Roaming\npm;C:\Windows\System32;C:\Program Files\MySQL\MySQL Server 8.0\bin;C:\Program Files\Java\jdk1.8.0_251\bin;G:\apache-maven-3.6.3\bin;C:\Windows;C:\Windows\System32\Wbem;C:\Windows\WinSxS\wow64_microsoft-windows-w..ommand-line-utility_31bf3856ad364e35_10.0.18362.1_none_7e5befac7e7022f6;;C:\Program Files\JetBrains\IntelliJ IDEA 2020.2.3\bin;
USERNAME=sup
OS=Windows_NT
PROCESSOR_IDENTIFIER=Intel64 Family 6 Model 94 Stepping 3, GenuineIntel



---------------  S Y S T E M  ---------------

OS: Windows 10 , 64 bit Build 18362 (10.0.18362.1110)

CPU:total 8 (initial active 8) (4 cores per cpu, 2 threads per core) family 6 model 94 stepping 3, cmov, cx8, fxsr, mmx, sse, sse2, sse3, ssse3, sse4.1, sse4.2, popcnt, avx, avx2, aes, clmul, erms, rtm, 3dnowpref, lzcnt, ht, tsc, tscinvbit, bmi1, bmi2, adx, fma

Memory: 4k page, system-wide physical 16259M (8380M free)
TotalPageFile size 18819M (AvailPageFile size 3895M)
current process WorkingSet (physical memory assigned to process): 226M, peak: 226M
current process commit charge ("private bytes"): 436M, peak: 436M

vm_info: Java HotSpot(TM) 64-Bit Server VM (11.0.8+10-LTS) for windows-amd64 JRE (11.0.8+10-LTS), built on Jun 16 2020 05:53:08 by "mach5one" with unknown MS VC++:1916

END.
